Using pre-set license
Built from '6000.0/staging' branch; Version is '6000.0.27f1 (27c554a2199c) revision 2606420'; Using compiler version '193933523'; Build Type 'Release'
OS: 'Windows 11  (10.0.22631) 64bit Education' Language: 'en' Physical Memory: 16088 MB
BatchMode: 1, IsHumanControllingUs: 0, StartBugReporterOnCrash: 0, Is64bit: 1, IsPro: 1

COMMAND LINE ARGUMENTS:
C:\Program Files\Unity 6000.0.27f1\Editor\Unity.exe
-adb2
-batchMode
-noUpm
-name
AssetImportWorker12
-projectPath
C:/Users/Period 7-8/Documents/GitHub/AyndrilaP_Unity/Unit_1-Unity_Basics/AP_UnityProject1
-logFile
Logs/AssetImportWorker12.log
-srvPort
49204
-job-worker-count
7
-background-job-worker-count
8
-asset-garbage-collectors
1
Successfully changed project path to: C:/Users/Period 7-8/Documents/GitHub/AyndrilaP_Unity/Unit_1-Unity_Basics/AP_UnityProject1
C:/Users/Period 7-8/Documents/GitHub/AyndrilaP_Unity/Unit_1-Unity_Basics/AP_UnityProject1
[UnityMemory] Configuration Parameters - Can be set up in boot.config
    "memorysetup-bucket-allocator-granularity=16"
    "memorysetup-bucket-allocator-bucket-count=8"
    "memorysetup-bucket-allocator-block-size=33554432"
    "memorysetup-bucket-allocator-block-count=8"
    "memorysetup-main-allocator-block-size=16777216"
    "memorysetup-thread-allocator-block-size=16777216"
    "memorysetup-gfx-main-allocator-block-size=16777216"
    "memorysetup-gfx-thread-allocator-block-size=16777216"
    "memorysetup-cache-allocator-block-size=4194304"
    "memorysetup-typetree-allocator-block-size=2097152"
    "memorysetup-profiler-bucket-allocator-granularity=16"
    "memorysetup-profiler-bucket-allocator-bucket-count=8"
    "memorysetup-profiler-bucket-allocator-block-size=33554432"
    "memorysetup-profiler-bucket-allocator-block-count=8"
    "memorysetup-profiler-allocator-block-size=16777216"
    "memorysetup-profiler-editor-allocator-block-size=1048576"
    "memorysetup-temp-allocator-size-main=16777216"
    "memorysetup-job-temp-allocator-block-size=2097152"
    "memorysetup-job-temp-allocator-block-size-background=1048576"
    "memorysetup-job-temp-allocator-reduction-small-platforms=262144"
    "memorysetup-allocator-temp-initial-block-size-main=262144"
    "memorysetup-allocator-temp-initial-block-size-worker=262144"
    "memorysetup-temp-allocator-size-background-worker=32768"
    "memorysetup-temp-allocator-size-job-worker=262144"
    "memorysetup-temp-allocator-size-preload-manager=33554432"
    "memorysetup-temp-allocator-size-nav-mesh-worker=65536"
    "memorysetup-temp-allocator-size-audio-worker=65536"
    "memorysetup-temp-allocator-size-cloud-worker=32768"
    "memorysetup-temp-allocator-size-gi-baking-worker=262144"
    "memorysetup-temp-allocator-size-gi-baking-worker=262144"
    "memorysetup-temp-allocator-size-gi-baking-worker=262144"
    "memorysetup-temp-allocator-size-gi-baking-worker=262144"
    "memorysetup-temp-allocator-size-gi-baking-worker=262144"
    "memorysetup-temp-allocator-size-gfx=262144"
Player connection [17700]  Target information:

Player connection [17700]  * "[IP] 10.87.50.122 [Port] 0 [Flags] 2 [Guid] 1483888921 [EditorId] 1483888921 [Version] 1048832 [Id] WindowsEditor(7,RMG07A-WS12-WIN) [Debug] 1 [PackageName] WindowsEditor [ProjectName] Editor" 

Player connection [17700] Host joined multi-casting on [225.0.0.222:54997]...
Player connection [17700] Host joined alternative multi-casting on [225.0.0.222:34997]...
JobSystem: Creating JobQueue using job-worker-count value 7
[Physics::Module] Initialized fallback backend.
[Physics::Module] Id: 0xdecafbad
Library Redirect Path: Library/
[Physics::Module] Selected backend.
[Physics::Module] Name: PhysX
[Physics::Module] Id: 0xf2b8ea05
[Physics::Module] SDK Version: 4.1.2
[Physics::Module] Integration Version: 1.0.0
[Physics::Module] Threading Mode: Multi-Threaded
Refreshing native plugins compatible for Editor in 3.62 ms, found 3 plugins.
Preloading 0 native plugins for Editor in 0.00 ms.
Initialize engine version: 6000.0.27f1 (27c554a2199c)
[Subsystems] Discovering subsystems at path C:/Program Files/Unity 6000.0.27f1/Editor/Data/Resources/UnitySubsystems
[Subsystems] Discovering subsystems at path C:/Users/Period 7-8/Documents/GitHub/AyndrilaP_Unity/Unit_1-Unity_Basics/AP_UnityProject1/Assets
GfxDevice: creating device client; kGfxThreadingModeNonThreaded
Direct3D:
    Version:  Direct3D 11.0 [level 11.1]
    Renderer: NVIDIA Quadro P1000 (ID=0x1cb1)
    Vendor:   NVIDIA
    VRAM:     4018 MB
    Driver:   31.0.15.3799
Initialize mono
Mono path[0] = 'C:/Program Files/Unity 6000.0.27f1/Editor/Data/Managed'
Mono path[1] = 'C:/Program Files/Unity 6000.0.27f1/Editor/Data/MonoBleedingEdge/lib/mono/unityjit-win32'
Mono config path = 'C:/Program Files/Unity 6000.0.27f1/Editor/Data/MonoBleedingEdge/etc'
Using monoOptions --debugger-agent=transport=dt_socket,embedding=1,server=y,suspend=n,address=127.0.0.1:56496
Begin MonoManager ReloadAssembly
Registering precompiled unity dll's ...
Register platform support module: C:/Program Files/Unity 6000.0.27f1/Editor/Data/PlaybackEngines/WindowsStandaloneSupport/UnityEditor.WindowsStandalone.Extensions.dll
Registered in 0.002580 seconds.
- Loaded All Assemblies, in  0.494 seconds
Native extension for WindowsStandalone target not found
Mono: successfully reloaded assembly
- Finished resetting the current domain, in  0.390 seconds
Domain Reload Profiling: 882ms
	BeginReloadAssembly (188ms)
		ExecutionOrderSort (0ms)
		DisableScriptedObjects (0ms)
		BackupInstance (0ms)
		ReleaseScriptingObjects (0ms)
		CreateAndSetChildDomain (1ms)
	RebuildCommonClasses (43ms)
	RebuildNativeTypeToScriptingClass (15ms)
	initialDomainReloadingComplete (53ms)
	LoadAllAssembliesAndSetupDomain (194ms)
		LoadAssemblies (185ms)
		RebuildTransferFunctionScriptingTraits (0ms)
		AnalyzeDomain (191ms)
			TypeCache.Refresh (189ms)
				TypeCache.ScanAssembly (171ms)
			BuildScriptInfoCaches (0ms)
			ResolveRequiredComponents (1ms)
	FinalizeReload (390ms)
		ReleaseScriptCaches (0ms)
		RebuildScriptCaches (0ms)
		SetupLoadedEditorAssemblies (339ms)
			LogAssemblyErrors (0ms)
			InitializePlatformSupportModulesInManaged (25ms)
			SetLoadedEditorAssemblies (4ms)
			BeforeProcessingInitializeOnLoad (9ms)
			ProcessInitializeOnLoadAttributes (226ms)
			ProcessInitializeOnLoadMethodAttributes (71ms)
			AfterProcessingInitializeOnLoad (3ms)
			EditorAssembliesLoaded (0ms)
		ExecutionOrderSort2 (0ms)
		AwakeInstancesAfterBackupRestoration (0ms)
========================================================================
Worker process is ready to serve import requests
Import Worker Mode flag is 0x00
Begin MonoManager ReloadAssembly
- Loaded All Assemblies, in  1.280 seconds
Refreshing native plugins compatible for Editor in 0.99 ms, found 3 plugins.
Native extension for WindowsStandalone target not found
Mono: successfully reloaded assembly
- Finished resetting the current domain, in  1.020 seconds
Domain Reload Profiling: 2295ms
	BeginReloadAssembly (509ms)
		ExecutionOrderSort (0ms)
		DisableScriptedObjects (7ms)
		BackupInstance (0ms)
		ReleaseScriptingObjects (0ms)
		CreateAndSetChildDomain (35ms)
	RebuildCommonClasses (43ms)
	RebuildNativeTypeToScriptingClass (15ms)
	initialDomainReloadingComplete (43ms)
	LoadAllAssembliesAndSetupDomain (666ms)
		LoadAssemblies (423ms)
		RebuildTransferFunctionScriptingTraits (0ms)
		AnalyzeDomain (360ms)
			TypeCache.Refresh (236ms)
				TypeCache.ScanAssembly (217ms)
			BuildScriptInfoCaches (107ms)
			ResolveRequiredComponents (14ms)
	FinalizeReload (1020ms)
		ReleaseScriptCaches (0ms)
		RebuildScriptCaches (0ms)
		SetupLoadedEditorAssemblies (709ms)
			LogAssemblyErrors (0ms)
			InitializePlatformSupportModulesInManaged (3ms)
			SetLoadedEditorAssemblies (5ms)
			BeforeProcessingInitializeOnLoad (73ms)
			ProcessInitializeOnLoadAttributes (532ms)
			ProcessInitializeOnLoadMethodAttributes (89ms)
			AfterProcessingInitializeOnLoad (7ms)
			EditorAssembliesLoaded (0ms)
		ExecutionOrderSort2 (0ms)
		AwakeInstancesAfterBackupRestoration (9ms)
Launched and connected shader compiler UnityShaderCompiler.exe after 0.02 seconds
Refreshing native plugins compatible for Editor in 1.00 ms, found 3 plugins.
Preloading 0 native plugins for Editor in 0.00 ms.
Unloading 205 Unused Serialized files (Serialized files now loaded: 0)
Unloading 5916 unused Assets / (4.3 MB). Loaded Objects now: 6706.
Memory consumption went from 200.1 MB to 195.8 MB.
Total: 8.815600 ms (FindLiveObjects: 0.708700 ms CreateObjectMapping: 0.936300 ms MarkObjects: 4.868000 ms  DeleteObjects: 2.300300 ms)

========================================================================
Received Prepare
Begin MonoManager ReloadAssembly
- Loaded All Assemblies, in  0.824 seconds
Refreshing native plugins compatible for Editor in 0.96 ms, found 3 plugins.
Native extension for WindowsStandalone target not found
Mono: successfully reloaded assembly
- Finished resetting the current domain, in  1.187 seconds
Domain Reload Profiling: 2010ms
	BeginReloadAssembly (225ms)
		ExecutionOrderSort (0ms)
		DisableScriptedObjects (7ms)
		BackupInstance (0ms)
		ReleaseScriptingObjects (0ms)
		CreateAndSetChildDomain (56ms)
	RebuildCommonClasses (42ms)
	RebuildNativeTypeToScriptingClass (16ms)
	initialDomainReloadingComplete (30ms)
	LoadAllAssembliesAndSetupDomain (510ms)
		LoadAssemblies (363ms)
		RebuildTransferFunctionScriptingTraits (0ms)
		AnalyzeDomain (256ms)
			TypeCache.Refresh (9ms)
				TypeCache.ScanAssembly (0ms)
			BuildScriptInfoCaches (231ms)
			ResolveRequiredComponents (13ms)
	FinalizeReload (1187ms)
		ReleaseScriptCaches (0ms)
		RebuildScriptCaches (0ms)
		SetupLoadedEditorAssemblies (775ms)
			LogAssemblyErrors (0ms)
			InitializePlatformSupportModulesInManaged (2ms)
			SetLoadedEditorAssemblies (6ms)
			BeforeProcessingInitializeOnLoad (82ms)
			ProcessInitializeOnLoadAttributes (597ms)
			ProcessInitializeOnLoadMethodAttributes (78ms)
			AfterProcessingInitializeOnLoad (10ms)
			EditorAssembliesLoaded (0ms)
		ExecutionOrderSort2 (0ms)
		AwakeInstancesAfterBackupRestoration (22ms)
Refreshing native plugins compatible for Editor in 1.61 ms, found 3 plugins.
Preloading 0 native plugins for Editor in 0.00 ms.
Unloading 21 Unused Serialized files (Serialized files now loaded: 0)
Unloading 5912 unused Assets / (4.3 MB). Loaded Objects now: 6719.
Memory consumption went from 179.1 MB to 174.8 MB.
Total: 14.735400 ms (FindLiveObjects: 0.973000 ms CreateObjectMapping: 1.802600 ms MarkObjects: 7.643400 ms  DeleteObjects: 4.315200 ms)

Prepare: number of updated asset objects reloaded= 0
========================================================================
Received Prepare
Begin MonoManager ReloadAssembly
- Loaded All Assemblies, in  0.860 seconds
Refreshing native plugins compatible for Editor in 0.94 ms, found 3 plugins.
Native extension for WindowsStandalone target not found
Mono: successfully reloaded assembly
- Finished resetting the current domain, in  1.110 seconds
Domain Reload Profiling: 1970ms
	BeginReloadAssembly (245ms)
		ExecutionOrderSort (0ms)
		DisableScriptedObjects (8ms)
		BackupInstance (0ms)
		ReleaseScriptingObjects (0ms)
		CreateAndSetChildDomain (71ms)
	RebuildCommonClasses (41ms)
	RebuildNativeTypeToScriptingClass (16ms)
	initialDomainReloadingComplete (30ms)
	LoadAllAssembliesAndSetupDomain (528ms)
		LoadAssemblies (377ms)
		RebuildTransferFunctionScriptingTraits (0ms)
		AnalyzeDomain (261ms)
			TypeCache.Refresh (8ms)
				TypeCache.ScanAssembly (0ms)
			BuildScriptInfoCaches (237ms)
			ResolveRequiredComponents (14ms)
	FinalizeReload (1111ms)
		ReleaseScriptCaches (0ms)
		RebuildScriptCaches (0ms)
		SetupLoadedEditorAssemblies (728ms)
			LogAssemblyErrors (0ms)
			InitializePlatformSupportModulesInManaged (3ms)
			SetLoadedEditorAssemblies (6ms)
			BeforeProcessingInitializeOnLoad (85ms)
			ProcessInitializeOnLoadAttributes (543ms)
			ProcessInitializeOnLoadMethodAttributes (81ms)
			AfterProcessingInitializeOnLoad (10ms)
			EditorAssembliesLoaded (0ms)
		ExecutionOrderSort2 (0ms)
		AwakeInstancesAfterBackupRestoration (18ms)
Refreshing native plugins compatible for Editor in 1.36 ms, found 3 plugins.
Preloading 0 native plugins for Editor in 0.00 ms.
Unloading 13 Unused Serialized files (Serialized files now loaded: 0)
Unloading 5912 unused Assets / (4.3 MB). Loaded Objects now: 6721.
Memory consumption went from 177.9 MB to 173.6 MB.
Total: 12.070600 ms (FindLiveObjects: 0.866400 ms CreateObjectMapping: 1.646400 ms MarkObjects: 5.965000 ms  DeleteObjects: 3.591800 ms)

Prepare: number of updated asset objects reloaded= 0
========================================================================
Received Prepare
Begin MonoManager ReloadAssembly
- Loaded All Assemblies, in  0.842 seconds
Refreshing native plugins compatible for Editor in 1.17 ms, found 3 plugins.
Native extension for WindowsStandalone target not found
Mono: successfully reloaded assembly
- Finished resetting the current domain, in  1.156 seconds
Domain Reload Profiling: 2000ms
	BeginReloadAssembly (225ms)
		ExecutionOrderSort (0ms)
		DisableScriptedObjects (7ms)
		BackupInstance (0ms)
		ReleaseScriptingObjects (0ms)
		CreateAndSetChildDomain (52ms)
	RebuildCommonClasses (42ms)
	RebuildNativeTypeToScriptingClass (16ms)
	initialDomainReloadingComplete (30ms)
	LoadAllAssembliesAndSetupDomain (531ms)
		LoadAssemblies (390ms)
		RebuildTransferFunctionScriptingTraits (0ms)
		AnalyzeDomain (256ms)
			TypeCache.Refresh (8ms)
				TypeCache.ScanAssembly (0ms)
			BuildScriptInfoCaches (230ms)
			ResolveRequiredComponents (14ms)
	FinalizeReload (1157ms)
		ReleaseScriptCaches (0ms)
		RebuildScriptCaches (0ms)
		SetupLoadedEditorAssemblies (756ms)
			LogAssemblyErrors (0ms)
			InitializePlatformSupportModulesInManaged (3ms)
			SetLoadedEditorAssemblies (6ms)
			BeforeProcessingInitializeOnLoad (86ms)
			ProcessInitializeOnLoadAttributes (569ms)
			ProcessInitializeOnLoadMethodAttributes (82ms)
			AfterProcessingInitializeOnLoad (10ms)
			EditorAssembliesLoaded (0ms)
		ExecutionOrderSort2 (0ms)
		AwakeInstancesAfterBackupRestoration (18ms)
Refreshing native plugins compatible for Editor in 1.18 ms, found 3 plugins.
Preloading 0 native plugins for Editor in 0.00 ms.
Unloading 13 Unused Serialized files (Serialized files now loaded: 0)
Unloading 5912 unused Assets / (4.4 MB). Loaded Objects now: 6723.
Memory consumption went from 177.9 MB to 173.5 MB.
Total: 15.146800 ms (FindLiveObjects: 1.115300 ms CreateObjectMapping: 1.369700 ms MarkObjects: 8.462300 ms  DeleteObjects: 4.198000 ms)

Prepare: number of updated asset objects reloaded= 0
========================================================================
Received Prepare
Begin MonoManager ReloadAssembly
- Loaded All Assemblies, in  0.793 seconds
Refreshing native plugins compatible for Editor in 1.01 ms, found 3 plugins.
Native extension for WindowsStandalone target not found
Mono: successfully reloaded assembly
- Finished resetting the current domain, in  1.029 seconds
Domain Reload Profiling: 1822ms
	BeginReloadAssembly (217ms)
		ExecutionOrderSort (0ms)
		DisableScriptedObjects (8ms)
		BackupInstance (0ms)
		ReleaseScriptingObjects (0ms)
		CreateAndSetChildDomain (54ms)
	RebuildCommonClasses (42ms)
	RebuildNativeTypeToScriptingClass (15ms)
	initialDomainReloadingComplete (28ms)
	LoadAllAssembliesAndSetupDomain (490ms)
		LoadAssemblies (353ms)
		RebuildTransferFunctionScriptingTraits (0ms)
		AnalyzeDomain (244ms)
			TypeCache.Refresh (8ms)
				TypeCache.ScanAssembly (0ms)
			BuildScriptInfoCaches (220ms)
			ResolveRequiredComponents (12ms)
	FinalizeReload (1030ms)
		ReleaseScriptCaches (0ms)
		RebuildScriptCaches (0ms)
		SetupLoadedEditorAssemblies (657ms)
			LogAssemblyErrors (0ms)
			InitializePlatformSupportModulesInManaged (2ms)
			SetLoadedEditorAssemblies (5ms)
			BeforeProcessingInitializeOnLoad (81ms)
			ProcessInitializeOnLoadAttributes (490ms)
			ProcessInitializeOnLoadMethodAttributes (71ms)
			AfterProcessingInitializeOnLoad (8ms)
			EditorAssembliesLoaded (0ms)
		ExecutionOrderSort2 (0ms)
		AwakeInstancesAfterBackupRestoration (15ms)
Refreshing native plugins compatible for Editor in 1.30 ms, found 3 plugins.
Preloading 0 native plugins for Editor in 0.00 ms.
Unloading 13 Unused Serialized files (Serialized files now loaded: 0)
Unloading 5912 unused Assets / (4.3 MB). Loaded Objects now: 6725.
Memory consumption went from 177.9 MB to 173.7 MB.
Total: 10.922000 ms (FindLiveObjects: 0.795700 ms CreateObjectMapping: 1.235200 ms MarkObjects: 5.710100 ms  DeleteObjects: 3.180300 ms)

Prepare: number of updated asset objects reloaded= 0
========================================================================
Received Prepare
Begin MonoManager ReloadAssembly
- Loaded All Assemblies, in  0.816 seconds
Refreshing native plugins compatible for Editor in 0.97 ms, found 3 plugins.
Native extension for WindowsStandalone target not found
Mono: successfully reloaded assembly
- Finished resetting the current domain, in  1.121 seconds
Domain Reload Profiling: 1936ms
	BeginReloadAssembly (220ms)
		ExecutionOrderSort (0ms)
		DisableScriptedObjects (7ms)
		BackupInstance (0ms)
		ReleaseScriptingObjects (0ms)
		CreateAndSetChildDomain (56ms)
	RebuildCommonClasses (48ms)
	RebuildNativeTypeToScriptingClass (16ms)
	initialDomainReloadingComplete (29ms)
	LoadAllAssembliesAndSetupDomain (501ms)
		LoadAssemblies (359ms)
		RebuildTransferFunctionScriptingTraits (0ms)
		AnalyzeDomain (253ms)
			TypeCache.Refresh (8ms)
				TypeCache.ScanAssembly (0ms)
			BuildScriptInfoCaches (228ms)
			ResolveRequiredComponents (13ms)
	FinalizeReload (1121ms)
		ReleaseScriptCaches (0ms)
		RebuildScriptCaches (0ms)
		SetupLoadedEditorAssemblies (731ms)
			LogAssemblyErrors (0ms)
			InitializePlatformSupportModulesInManaged (3ms)
			SetLoadedEditorAssemblies (7ms)
			BeforeProcessingInitializeOnLoad (80ms)
			ProcessInitializeOnLoadAttributes (553ms)
			ProcessInitializeOnLoadMethodAttributes (77ms)
			AfterProcessingInitializeOnLoad (12ms)
			EditorAssembliesLoaded (0ms)
		ExecutionOrderSort2 (0ms)
		AwakeInstancesAfterBackupRestoration (19ms)
Refreshing native plugins compatible for Editor in 1.09 ms, found 3 plugins.
Preloading 0 native plugins for Editor in 0.00 ms.
Unloading 13 Unused Serialized files (Serialized files now loaded: 0)
Unloading 5912 unused Assets / (4.3 MB). Loaded Objects now: 6727.
Memory consumption went from 177.9 MB to 173.6 MB.
Total: 11.797700 ms (FindLiveObjects: 1.255400 ms CreateObjectMapping: 1.147800 ms MarkObjects: 6.015100 ms  DeleteObjects: 3.378400 ms)

Prepare: number of updated asset objects reloaded= 0
========================================================================
Received Import Request.
  Time since last request: 1294282.236107 seconds.
  path: Assets/_IntroToUnity/Prefabs/Characters/AdventureGameCharacter.prefab
  artifactKey: Guid(5f2d90dd3854b9949878320b881e95fc) Importer(815301076,1909f56bfc062723c751e8b465ee728b)
Start importing Assets/_IntroToUnity/Prefabs/Characters/AdventureGameCharacter.prefab using Guid(5f2d90dd3854b9949878320b881e95fc) Importer(815301076,1909f56bfc062723c751e8b465ee728b) (PreviewImporter) -> (artifact id: 'cfac7e32eeacc5a15cdd686e83026abe') in 0.6916552 seconds
Number of updated asset objects reloaded before import = 0Number of asset objects unloaded after import = 210

========================================================================
Received Import Request.
  Time since last request: 0.000032 seconds.
  path: Assets/_IntroToUnity/Prefabs/Characters/JohnLemon.prefab
  artifactKey: Guid(e58a8494f35e17f45ba5bbffdfb92517) Importer(815301076,1909f56bfc062723c751e8b465ee728b)
Start importing Assets/_IntroToUnity/Prefabs/Characters/JohnLemon.prefab using Guid(e58a8494f35e17f45ba5bbffdfb92517) Importer(815301076,1909f56bfc062723c751e8b465ee728b) (PreviewImporter) -> (artifact id: '3f29e117de55c927f0078acb00c926d4') in 0.0386035 seconds
Number of updated asset objects reloaded before import = 0Number of asset objects unloaded after import = 108

========================================================================
Received Prepare
Begin MonoManager ReloadAssembly
- Loaded All Assemblies, in  0.843 seconds
Refreshing native plugins compatible for Editor in 1.52 ms, found 3 plugins.
Native extension for WindowsStandalone target not found
Mono: successfully reloaded assembly
- Finished resetting the current domain, in  1.060 seconds
Domain Reload Profiling: 1903ms
	BeginReloadAssembly (249ms)
		ExecutionOrderSort (0ms)
		DisableScriptedObjects (23ms)
		BackupInstance (0ms)
		ReleaseScriptingObjects (0ms)
		CreateAndSetChildDomain (66ms)
	RebuildCommonClasses (42ms)
	RebuildNativeTypeToScriptingClass (15ms)
	initialDomainReloadingComplete (33ms)
	LoadAllAssembliesAndSetupDomain (504ms)
		LoadAssemblies (363ms)
		RebuildTransferFunctionScriptingTraits (0ms)
		AnalyzeDomain (255ms)
			TypeCache.Refresh (8ms)
				TypeCache.ScanAssembly (0ms)
			BuildScriptInfoCaches (231ms)
			ResolveRequiredComponents (13ms)
	FinalizeReload (1061ms)
		ReleaseScriptCaches (0ms)
		RebuildScriptCaches (0ms)
		SetupLoadedEditorAssemblies (674ms)
			LogAssemblyErrors (0ms)
			InitializePlatformSupportModulesInManaged (3ms)
			SetLoadedEditorAssemblies (8ms)
			BeforeProcessingInitializeOnLoad (79ms)
			ProcessInitializeOnLoadAttributes (503ms)
			ProcessInitializeOnLoadMethodAttributes (73ms)
			AfterProcessingInitializeOnLoad (8ms)
			EditorAssembliesLoaded (0ms)
		ExecutionOrderSort2 (0ms)
		AwakeInstancesAfterBackupRestoration (18ms)
Refreshing native plugins compatible for Editor in 1.12 ms, found 3 plugins.
Preloading 0 native plugins for Editor in 0.00 ms.
Unloading 13 Unused Serialized files (Serialized files now loaded: 0)
Unloading 5913 unused Assets / (4.2 MB). Loaded Objects now: 6762.
Memory consumption went from 191.8 MB to 187.6 MB.
Total: 12.851600 ms (FindLiveObjects: 0.780500 ms CreateObjectMapping: 1.675800 ms MarkObjects: 6.113300 ms  DeleteObjects: 4.280100 ms)

Prepare: number of updated asset objects reloaded= 0
========================================================================
Received Prepare
Begin MonoManager ReloadAssembly
- Loaded All Assemblies, in  0.791 seconds
Refreshing native plugins compatible for Editor in 1.05 ms, found 3 plugins.
Native extension for WindowsStandalone target not found
Mono: successfully reloaded assembly
- Finished resetting the current domain, in  1.063 seconds
Domain Reload Profiling: 1853ms
	BeginReloadAssembly (213ms)
		ExecutionOrderSort (0ms)
		DisableScriptedObjects (7ms)
		BackupInstance (0ms)
		ReleaseScriptingObjects (0ms)
		CreateAndSetChildDomain (52ms)
	RebuildCommonClasses (39ms)
	RebuildNativeTypeToScriptingClass (15ms)
	initialDomainReloadingComplete (28ms)
	LoadAllAssembliesAndSetupDomain (495ms)
		LoadAssemblies (352ms)
		RebuildTransferFunctionScriptingTraits (0ms)
		AnalyzeDomain (250ms)
			TypeCache.Refresh (8ms)
				TypeCache.ScanAssembly (0ms)
			BuildScriptInfoCaches (226ms)
			ResolveRequiredComponents (13ms)
	FinalizeReload (1063ms)
		ReleaseScriptCaches (0ms)
		RebuildScriptCaches (0ms)
		SetupLoadedEditorAssemblies (681ms)
			LogAssemblyErrors (0ms)
			InitializePlatformSupportModulesInManaged (2ms)
			SetLoadedEditorAssemblies (6ms)
			BeforeProcessingInitializeOnLoad (78ms)
			ProcessInitializeOnLoadAttributes (513ms)
			ProcessInitializeOnLoadMethodAttributes (73ms)
			AfterProcessingInitializeOnLoad (9ms)
			EditorAssembliesLoaded (0ms)
		ExecutionOrderSort2 (0ms)
		AwakeInstancesAfterBackupRestoration (20ms)
Refreshing native plugins compatible for Editor in 1.27 ms, found 3 plugins.
Preloading 0 native plugins for Editor in 0.00 ms.
Unloading 13 Unused Serialized files (Serialized files now loaded: 0)
Unloading 5912 unused Assets / (4.3 MB). Loaded Objects now: 6764.
Memory consumption went from 191.7 MB to 187.4 MB.
Total: 12.003400 ms (FindLiveObjects: 1.023800 ms CreateObjectMapping: 1.285200 ms MarkObjects: 6.335400 ms  DeleteObjects: 3.357600 ms)

Prepare: number of updated asset objects reloaded= 0
========================================================================
Received Import Request.
  Time since last request: 285.877751 seconds.
  path: Assets/_IntroToUnity/SourceFiles/Textures/JohnLemon/Corridor/Window_Occlusion.tif
  artifactKey: Guid(a7b016836ddb1f54cb67ce567d4995b8) Importer(815301076,1909f56bfc062723c751e8b465ee728b)
Start importing Assets/_IntroToUnity/SourceFiles/Textures/JohnLemon/Corridor/Window_Occlusion.tif using Guid(a7b016836ddb1f54cb67ce567d4995b8) Importer(815301076,1909f56bfc062723c751e8b465ee728b) (PreviewImporter) -> (artifact id: 'e64bf101b5d12562b2841ba14405c832') in 0.1024194 seconds
Number of updated asset objects reloaded before import = 0Number of asset objects unloaded after import = 2

========================================================================
Received Import Request.
  Time since last request: 45.954591 seconds.
  path: Assets/_IntroToUnity/SourceFiles/Textures/JohnLemon/Corridor/Window_MetallicSmooth.tif
  artifactKey: Guid(b665bff822259f14285dff49ef07464c) Importer(815301076,1909f56bfc062723c751e8b465ee728b)
Start importing Assets/_IntroToUnity/SourceFiles/Textures/JohnLemon/Corridor/Window_MetallicSmooth.tif using Guid(b665bff822259f14285dff49ef07464c) Importer(815301076,1909f56bfc062723c751e8b465ee728b) (PreviewImporter) -> (artifact id: 'acb692bdb9a08d7c32a9bb52679b2eb2') in 0.0189112 seconds
Number of updated asset objects reloaded before import = 0Number of asset objects unloaded after import = 2

========================================================================
Received Import Request.
  Time since last request: 0.741366 seconds.
  path: Assets/_IntroToUnity/SourceFiles/Textures/JohnLemon/BedRoom/Wardrobe_Occlusion.tif
  artifactKey: Guid(16e5335c3e030e54f878363f16bac234) Importer(815301076,1909f56bfc062723c751e8b465ee728b)
Start importing Assets/_IntroToUnity/SourceFiles/Textures/JohnLemon/BedRoom/Wardrobe_Occlusion.tif using Guid(16e5335c3e030e54f878363f16bac234) Importer(815301076,1909f56bfc062723c751e8b465ee728b) (PreviewImporter) -> (artifact id: '62a1cdf893f796010a4af68a6cac6bdd') in 0.0158911 seconds
Number of updated asset objects reloaded before import = 0Number of asset objects unloaded after import = 2

========================================================================
Received Import Request.
  Time since last request: 1.560933 seconds.
  path: Assets/_IntroToUnity/SourceFiles/Textures/JohnLemon/BedRoom/Wardrobe_metallic.tif
  artifactKey: Guid(588c69a3b434c3f4b8fabcd84f20e965) Importer(815301076,1909f56bfc062723c751e8b465ee728b)
Start importing Assets/_IntroToUnity/SourceFiles/Textures/JohnLemon/BedRoom/Wardrobe_metallic.tif using Guid(588c69a3b434c3f4b8fabcd84f20e965) Importer(815301076,1909f56bfc062723c751e8b465ee728b) (PreviewImporter) -> (artifact id: '14a0759c45b3fa434a1742a5fd9df1b1') in 0.0156636 seconds
Number of updated asset objects reloaded before import = 0Number of asset objects unloaded after import = 2

========================================================================
Received Import Request.
  Time since last request: 0.000014 seconds.
  path: Assets/_IntroToUnity/SourceFiles/Textures/JohnLemon/DiningRoom/Wall_DiningRoom_Normal.png
  artifactKey: Guid(62988dc9ed597a5429d2559fb3c2edf6) Importer(815301076,1909f56bfc062723c751e8b465ee728b)
Start importing Assets/_IntroToUnity/SourceFiles/Textures/JohnLemon/DiningRoom/Wall_DiningRoom_Normal.png using Guid(62988dc9ed597a5429d2559fb3c2edf6) Importer(815301076,1909f56bfc062723c751e8b465ee728b) (PreviewImporter) -> (artifact id: '24862066a31acbd326c31cbded9e9671') in 0.0242423 seconds
Number of updated asset objects reloaded before import = 0Number of asset objects unloaded after import = 2

========================================================================
Received Import Request.
  Time since last request: 0.760845 seconds.
  path: Assets/_IntroToUnity/SourceFiles/Textures/JohnLemon/DiningRoom/Wall_Diningroom_MetallicSmooth.png
  artifactKey: Guid(8103ed9777c5f8f4b8c631765a45912f) Importer(815301076,1909f56bfc062723c751e8b465ee728b)
Start importing Assets/_IntroToUnity/SourceFiles/Textures/JohnLemon/DiningRoom/Wall_Diningroom_MetallicSmooth.png using Guid(8103ed9777c5f8f4b8c631765a45912f) Importer(815301076,1909f56bfc062723c751e8b465ee728b) (PreviewImporter) -> (artifact id: '8411685ceea7b1f5c5fddb225ed633f6') in 0.0073776 seconds
Number of updated asset objects reloaded before import = 0Number of asset objects unloaded after import = 2

========================================================================
Received Import Request.
  Time since last request: 1.949672 seconds.
  path: Assets/_IntroToUnity/SourceFiles/Textures/JohnLemon/Corridor/Wall_Corridor_Occlusion.tif
  artifactKey: Guid(138b3f1830bb96746943e36fc9e19f6a) Importer(815301076,1909f56bfc062723c751e8b465ee728b)
Start importing Assets/_IntroToUnity/SourceFiles/Textures/JohnLemon/Corridor/Wall_Corridor_Occlusion.tif using Guid(138b3f1830bb96746943e36fc9e19f6a) Importer(815301076,1909f56bfc062723c751e8b465ee728b) (PreviewImporter) -> (artifact id: '770d2188d5dec1fee5fcb7f6dde8eebf') in 0.0154797 seconds
Number of updated asset objects reloaded before import = 0Number of asset objects unloaded after import = 2

========================================================================
Received Import Request.
  Time since last request: 0.385151 seconds.
  path: Assets/_IntroToUnity/SourceFiles/Textures/JohnLemon/Corridor/Wall_Corridor_MetallicSmooth.tif
  artifactKey: Guid(ba80831ff9ffb924f96dde6223f6fa8f) Importer(815301076,1909f56bfc062723c751e8b465ee728b)
Start importing Assets/_IntroToUnity/SourceFiles/Textures/JohnLemon/Corridor/Wall_Corridor_MetallicSmooth.tif using Guid(ba80831ff9ffb924f96dde6223f6fa8f) Importer(815301076,1909f56bfc062723c751e8b465ee728b) (PreviewImporter) -> (artifact id: 'a5812a282589848e59ac34697745dcc7') in 0.0087633 seconds
Number of updated asset objects reloaded before import = 0Number of asset objects unloaded after import = 2

========================================================================
Received Import Request.
  Time since last request: 1.017664 seconds.
  path: Assets/_IntroToUnity/SourceFiles/Textures/JohnLemon/BedRoom/Wall_Bedroom_Occlusion.tif
  artifactKey: Guid(4fb46e6004800a041b402ee8dba3a9b0) Importer(815301076,1909f56bfc062723c751e8b465ee728b)
Start importing Assets/_IntroToUnity/SourceFiles/Textures/JohnLemon/BedRoom/Wall_Bedroom_Occlusion.tif using Guid(4fb46e6004800a041b402ee8dba3a9b0) Importer(815301076,1909f56bfc062723c751e8b465ee728b) (PreviewImporter) -> (artifact id: 'db6b57da61d298d359acbe4b80ad2313') in 0.0219517 seconds
Number of updated asset objects reloaded before import = 0Number of asset objects unloaded after import = 2

========================================================================
Received Import Request.
  Time since last request: 0.006034 seconds.
  path: Assets/_IntroToUnity/SourceFiles/Textures/JohnLemon/BedRoom/Wall_Bedroom_MetallicSmooth.tif
  artifactKey: Guid(1851897a7b3cb3b40b51ccea727ee4c6) Importer(815301076,1909f56bfc062723c751e8b465ee728b)
Start importing Assets/_IntroToUnity/SourceFiles/Textures/JohnLemon/BedRoom/Wall_Bedroom_MetallicSmooth.tif using Guid(1851897a7b3cb3b40b51ccea727ee4c6) Importer(815301076,1909f56bfc062723c751e8b465ee728b) (PreviewImporter) -> (artifact id: 'b981214b3c02c8588e5d5b29de48d65a') in 0.0087485 seconds
Number of updated asset objects reloaded before import = 0Number of asset objects unloaded after import = 2

========================================================================
Received Import Request.
  Time since last request: 3.105687 seconds.
  path: Assets/_IntroToUnity/UI/UI_Panel4CircleButton.png
  artifactKey: Guid(a5803946f2ef5aa40a25173b6369ec31) Importer(815301076,1909f56bfc062723c751e8b465ee728b)
Start importing Assets/_IntroToUnity/UI/UI_Panel4CircleButton.png using Guid(a5803946f2ef5aa40a25173b6369ec31) Importer(815301076,1909f56bfc062723c751e8b465ee728b) (PreviewImporter) -> (artifact id: '32db555f51e21e9d43092732e9e66fa7') in 0.0421836 seconds
Number of updated asset objects reloaded before import = 0Number of asset objects unloaded after import = 3

========================================================================
Received Import Request.
  Time since last request: 0.593139 seconds.
  path: Assets/_IntroToUnity/UI/UI_Panel3SquareButton.png
  artifactKey: Guid(fdeb2fca800b119449cf6028c7a9eeea) Importer(815301076,1909f56bfc062723c751e8b465ee728b)
Start importing Assets/_IntroToUnity/UI/UI_Panel3SquareButton.png using Guid(fdeb2fca800b119449cf6028c7a9eeea) Importer(815301076,1909f56bfc062723c751e8b465ee728b) (PreviewImporter) -> (artifact id: '578368136e0bc8d1d4274323d379d872') in 0.0231197 seconds
Number of updated asset objects reloaded before import = 0Number of asset objects unloaded after import = 3

========================================================================
Received Import Request.
  Time since last request: 0.291169 seconds.
  path: Assets/_IntroToUnity/UI/UI_Panel3.png
  artifactKey: Guid(383115df333af1449b542a8ecf870574) Importer(815301076,1909f56bfc062723c751e8b465ee728b)
Start importing Assets/_IntroToUnity/UI/UI_Panel3.png using Guid(383115df333af1449b542a8ecf870574) Importer(815301076,1909f56bfc062723c751e8b465ee728b) (PreviewImporter) -> (artifact id: '412f00a10d513f5147b8aa68d0aedeca') in 0.0238933 seconds
Number of updated asset objects reloaded before import = 0Number of asset objects unloaded after import = 3

========================================================================
Received Import Request.
  Time since last request: 1.437955 seconds.
  path: Assets/_IntroToUnity/UI/UI_Panel2CircleButton.png
  artifactKey: Guid(8654e89422b11af44b57cfa16a8fd4af) Importer(815301076,1909f56bfc062723c751e8b465ee728b)
Start importing Assets/_IntroToUnity/UI/UI_Panel2CircleButton.png using Guid(8654e89422b11af44b57cfa16a8fd4af) Importer(815301076,1909f56bfc062723c751e8b465ee728b) (PreviewImporter) -> (artifact id: '79ec69604f7c1c9063bc2576384cf21a') in 0.033242 seconds
Number of updated asset objects reloaded before import = 0Number of asset objects unloaded after import = 3

========================================================================
Received Import Request.
  Time since last request: 0.006579 seconds.
  path: Assets/_IntroToUnity/UI/UI_Panel1SquareButton.png
  artifactKey: Guid(fdbacc112902b8f4d8cd3492b3a33082) Importer(815301076,1909f56bfc062723c751e8b465ee728b)
Start importing Assets/_IntroToUnity/UI/UI_Panel1SquareButton.png using Guid(fdbacc112902b8f4d8cd3492b3a33082) Importer(815301076,1909f56bfc062723c751e8b465ee728b) (PreviewImporter) -> (artifact id: '11f35505ea0f3adbb0a70c6bdb4bab70') in 0.0187781 seconds
Number of updated asset objects reloaded before import = 0Number of asset objects unloaded after import = 3

========================================================================
Received Import Request.
  Time since last request: 0.867164 seconds.
  path: Assets/_IntroToUnity/UI/UI_Panel1.png
  artifactKey: Guid(cdf76d3e838dc324f977fa20a754f24c) Importer(815301076,1909f56bfc062723c751e8b465ee728b)
Start importing Assets/_IntroToUnity/UI/UI_Panel1.png using Guid(cdf76d3e838dc324f977fa20a754f24c) Importer(815301076,1909f56bfc062723c751e8b465ee728b) (PreviewImporter) -> (artifact id: '2bc475767a1c441e258bd967f4fbf1c4') in 0.0200777 seconds
Number of updated asset objects reloaded before import = 0Number of asset objects unloaded after import = 3

========================================================================
Received Import Request.
  Time since last request: 1.004353 seconds.
  path: Assets/_IntroToUnity/UI/UI_9slice_Button_Architecture.png
  artifactKey: Guid(e766d1ecfb442e14588d2fac6c0f58f3) Importer(815301076,1909f56bfc062723c751e8b465ee728b)
Start importing Assets/_IntroToUnity/UI/UI_9slice_Button_Architecture.png using Guid(e766d1ecfb442e14588d2fac6c0f58f3) Importer(815301076,1909f56bfc062723c751e8b465ee728b) (PreviewImporter) -> (artifact id: '1a66792d4097a8274d0f1e2fee77dd8e') in 0.0197514 seconds
Number of updated asset objects reloaded before import = 0Number of asset objects unloaded after import = 3

========================================================================
Received Import Request.
  Time since last request: 1.207268 seconds.
  path: Assets/_IntroToUnity/SourceFiles/VFX/Textures/SnowTexture.png
  artifactKey: Guid(2a202276abba34cf29113e61ad1389e4) Importer(815301076,1909f56bfc062723c751e8b465ee728b)
Start importing Assets/_IntroToUnity/SourceFiles/VFX/Textures/SnowTexture.png using Guid(2a202276abba34cf29113e61ad1389e4) Importer(815301076,1909f56bfc062723c751e8b465ee728b) (PreviewImporter) -> (artifact id: 'f39e16a29b1ac9a65088627d5593c6f8') in 0.0165657 seconds
Number of updated asset objects reloaded before import = 0Number of asset objects unloaded after import = 2

========================================================================
Received Import Request.
  Time since last request: 1.937635 seconds.
  path: Assets/_IntroToUnity/SourceFiles/VFX/Textures/SmokeParticles.png
  artifactKey: Guid(e10d7f08450dd7741a97f724024a3bd7) Importer(815301076,1909f56bfc062723c751e8b465ee728b)
Start importing Assets/_IntroToUnity/SourceFiles/VFX/Textures/SmokeParticles.png using Guid(e10d7f08450dd7741a97f724024a3bd7) Importer(815301076,1909f56bfc062723c751e8b465ee728b) (PreviewImporter) -> (artifact id: '241480afb35b196bcfca6ff6312e8f25') in 0.0169671 seconds
Number of updated asset objects reloaded before import = 0Number of asset objects unloaded after import = 2

========================================================================
Received Import Request.
  Time since last request: 0.718197 seconds.
  path: Assets/_IntroToUnity/SourceFiles/Textures/Scooter_A/Scooter_A_Normal.png
  artifactKey: Guid(2462f2337fcad48478357ba34d9c445f) Importer(815301076,1909f56bfc062723c751e8b465ee728b)
Start importing Assets/_IntroToUnity/SourceFiles/Textures/Scooter_A/Scooter_A_Normal.png using Guid(2462f2337fcad48478357ba34d9c445f) Importer(815301076,1909f56bfc062723c751e8b465ee728b) (PreviewImporter) -> (artifact id: 'd4009c85150f7d8ca774ee276c052fb4') in 0.0152716 seconds
Number of updated asset objects reloaded before import = 0Number of asset objects unloaded after import = 2

========================================================================
Received Import Request.
  Time since last request: 3.442640 seconds.
  path: Assets/_IntroToUnity/SourceFiles/Textures/Scooter_A/Scooter_A_AO.png
  artifactKey: Guid(d60ce2ac4a1b63d4a9facdeb082351d1) Importer(815301076,1909f56bfc062723c751e8b465ee728b)
Start importing Assets/_IntroToUnity/SourceFiles/Textures/Scooter_A/Scooter_A_AO.png using Guid(d60ce2ac4a1b63d4a9facdeb082351d1) Importer(815301076,1909f56bfc062723c751e8b465ee728b) (PreviewImporter) -> (artifact id: 'b8546cd8baa372dac78a7aad067666c3') in 0.0180746 seconds
Number of updated asset objects reloaded before import = 0Number of asset objects unloaded after import = 2

========================================================================
Received Import Request.
  Time since last request: 1.101918 seconds.
  path: Assets/_IntroToUnity/SourceFiles/Textures/Construction/Scaffolding_Normal.png
  artifactKey: Guid(fab2e1671ccb3ca4d87fc3f1d48271df) Importer(815301076,1909f56bfc062723c751e8b465ee728b)
Start importing Assets/_IntroToUnity/SourceFiles/Textures/Construction/Scaffolding_Normal.png using Guid(fab2e1671ccb3ca4d87fc3f1d48271df) Importer(815301076,1909f56bfc062723c751e8b465ee728b) (PreviewImporter) -> (artifact id: '3ac20e806e4eb447a42f5d28c3977408') in 0.0165693 seconds
Number of updated asset objects reloaded before import = 0Number of asset objects unloaded after import = 2

========================================================================
Received Import Request.
  Time since last request: 4.574992 seconds.
  path: Assets/_IntroToUnity/SourceFiles/Textures/Construction/Scaffolding_BaseColor.png
  artifactKey: Guid(00ae9a643d9122d49b702ecbbb645c4a) Importer(815301076,1909f56bfc062723c751e8b465ee728b)
Start importing Assets/_IntroToUnity/SourceFiles/Textures/Construction/Scaffolding_BaseColor.png using Guid(00ae9a643d9122d49b702ecbbb645c4a) Importer(815301076,1909f56bfc062723c751e8b465ee728b) (PreviewImporter) -> (artifact id: 'a92dcc1bb9bfeedef8c3bcde84c756aa') in 0.0231175 seconds
Number of updated asset objects reloaded before import = 0Number of asset objects unloaded after import = 2

========================================================================
Received Import Request.
  Time since last request: 0.225354 seconds.
  path: Assets/_IntroToUnity/SourceFiles/VFX/Textures/RaindropTexture.png
  artifactKey: Guid(325412413754045069b4b7da10244388) Importer(815301076,1909f56bfc062723c751e8b465ee728b)
Start importing Assets/_IntroToUnity/SourceFiles/VFX/Textures/RaindropTexture.png using Guid(325412413754045069b4b7da10244388) Importer(815301076,1909f56bfc062723c751e8b465ee728b) (PreviewImporter) -> (artifact id: '34f9004d6392da74e05824f37d9ca1df') in 0.0144774 seconds
Number of updated asset objects reloaded before import = 0Number of asset objects unloaded after import = 2

========================================================================
Received Import Request.
  Time since last request: 0.028596 seconds.
  path: Assets/_IntroToUnity/SourceFiles/Textures/JohnLemon/VFX/perlinNoise.png
  artifactKey: Guid(1ea576fbbfaeef64ca6136d38ccca74e) Importer(815301076,1909f56bfc062723c751e8b465ee728b)
Start importing Assets/_IntroToUnity/SourceFiles/Textures/JohnLemon/VFX/perlinNoise.png using Guid(1ea576fbbfaeef64ca6136d38ccca74e) Importer(815301076,1909f56bfc062723c751e8b465ee728b) (PreviewImporter) -> (artifact id: '01d6c1ea4283e1c28ed1989ee97d5a42') in 0.0155251 seconds
Number of updated asset objects reloaded before import = 0Number of asset objects unloaded after import = 2

========================================================================
Received Import Request.
  Time since last request: 0.360636 seconds.
  path: Assets/_IntroToUnity/SourceFiles/Textures/Tileable/Pavement_SmallMoss_normal.png
  artifactKey: Guid(ce1e20c5ff755654f8a530b8c08ba0db) Importer(815301076,1909f56bfc062723c751e8b465ee728b)
Start importing Assets/_IntroToUnity/SourceFiles/Textures/Tileable/Pavement_SmallMoss_normal.png using Guid(ce1e20c5ff755654f8a530b8c08ba0db) Importer(815301076,1909f56bfc062723c751e8b465ee728b) (PreviewImporter) -> (artifact id: '5e82437e9e6125ad0ad1b988674a21f5') in 0.0278415 seconds
Number of updated asset objects reloaded before import = 0Number of asset objects unloaded after import = 2

========================================================================
Received Import Request.
  Time since last request: 1.262671 seconds.
  path: Assets/_IntroToUnity/SourceFiles/Textures/Tileable/Pavement_SmallMoss_AO.png
  artifactKey: Guid(0d4b22e0c21648c4aab169327d778da9) Importer(815301076,1909f56bfc062723c751e8b465ee728b)
Start importing Assets/_IntroToUnity/SourceFiles/Textures/Tileable/Pavement_SmallMoss_AO.png using Guid(0d4b22e0c21648c4aab169327d778da9) Importer(815301076,1909f56bfc062723c751e8b465ee728b) (PreviewImporter) -> (artifact id: '60a321e9c78c7243d6d1ca90fb48be14') in 0.0174381 seconds
Number of updated asset objects reloaded before import = 0Number of asset objects unloaded after import = 2

========================================================================
Received Import Request.
  Time since last request: 0.025941 seconds.
  path: Assets/_IntroToUnity/SourceFiles/Animation/2D/Sprites/VFX/ParticlesSprietAtlas.png
  artifactKey: Guid(679ff60a36f0c64408c0db9b4a477f8d) Importer(815301076,1909f56bfc062723c751e8b465ee728b)
Start importing Assets/_IntroToUnity/SourceFiles/Animation/2D/Sprites/VFX/ParticlesSprietAtlas.png using Guid(679ff60a36f0c64408c0db9b4a477f8d) Importer(815301076,1909f56bfc062723c751e8b465ee728b) (PreviewImporter) -> (artifact id: 'eada515dab8dfc974f79ba3c8707b29a') in 0.0306715 seconds
Number of updated asset objects reloaded before import = 0Number of asset objects unloaded after import = 8

========================================================================
Received Import Request.
  Time since last request: 0.000098 seconds.
  path: Assets/_IntroToUnity/SourceFiles/Textures/Construction/OilDrum_MetallicSmoothness.png
  artifactKey: Guid(4cb09675446497740ae10e65fd519b2f) Importer(815301076,1909f56bfc062723c751e8b465ee728b)
Start importing Assets/_IntroToUnity/SourceFiles/Textures/Construction/OilDrum_MetallicSmoothness.png using Guid(4cb09675446497740ae10e65fd519b2f) Importer(815301076,1909f56bfc062723c751e8b465ee728b) (PreviewImporter) -> (artifact id: '178c042831e7a50fe6173f2ac4886037') in 0.0148648 seconds
Number of updated asset objects reloaded before import = 0Number of asset objects unloaded after import = 2

========================================================================
Received Import Request.
  Time since last request: 1.705909 seconds.
  path: Assets/_IntroToUnity/SourceFiles/Textures/Construction/OilDrum_AmbientOcclusion.png
  artifactKey: Guid(6cdca70fc14f755439c5cd1c66b42a07) Importer(815301076,1909f56bfc062723c751e8b465ee728b)
Start importing Assets/_IntroToUnity/SourceFiles/Textures/Construction/OilDrum_AmbientOcclusion.png using Guid(6cdca70fc14f755439c5cd1c66b42a07) Importer(815301076,1909f56bfc062723c751e8b465ee728b) (PreviewImporter) -> (artifact id: '3ea06ee127cfc81bcdf131b99bba4aaf') in 0.016093 seconds
Number of updated asset objects reloaded before import = 0Number of asset objects unloaded after import = 2

========================================================================
Received Import Request.
  Time since last request: 47.413961 seconds.
  path: Assets/_IntroToUnity/SourceFiles/Textures/Tileable/Metal_Normal.tif
  artifactKey: Guid(5cd083a94eca7ec4f9fec8df75932ba4) Importer(815301076,1909f56bfc062723c751e8b465ee728b)
Start importing Assets/_IntroToUnity/SourceFiles/Textures/Tileable/Metal_Normal.tif using Guid(5cd083a94eca7ec4f9fec8df75932ba4) Importer(815301076,1909f56bfc062723c751e8b465ee728b) (PreviewImporter) -> (artifact id: '7089944fccd22e1ac5eb34f876d9d433') in 0.0146746 seconds
Number of updated asset objects reloaded before import = 0Number of asset objects unloaded after import = 2

========================================================================
Received Import Request.
  Time since last request: 0.000019 seconds.
  path: Assets/_IntroToUnity/SourceFiles/VFX/Textures/MediumFlame01Emission.tif
  artifactKey: Guid(c6ea76e08bf04fa4b959f8b193bd459c) Importer(815301076,1909f56bfc062723c751e8b465ee728b)
Start importing Assets/_IntroToUnity/SourceFiles/VFX/Textures/MediumFlame01Emission.tif using Guid(c6ea76e08bf04fa4b959f8b193bd459c) Importer(815301076,1909f56bfc062723c751e8b465ee728b) (PreviewImporter) -> (artifact id: 'cbd9f98b6b25de754deb3d434039b7ff') in 0.017423 seconds
Number of updated asset objects reloaded before import = 0Number of asset objects unloaded after import = 2

========================================================================
Received Import Request.
  Time since last request: 0.000016 seconds.
  path: Assets/_IntroToUnity/SourceFiles/Textures/JohnLemon/Corridor/Light_Occlusion.tif
  artifactKey: Guid(d76c7a9a85279b048b93119b0a0a3c7a) Importer(815301076,1909f56bfc062723c751e8b465ee728b)
Start importing Assets/_IntroToUnity/SourceFiles/Textures/JohnLemon/Corridor/Light_Occlusion.tif using Guid(d76c7a9a85279b048b93119b0a0a3c7a) Importer(815301076,1909f56bfc062723c751e8b465ee728b) (PreviewImporter) -> (artifact id: '29425537b6443135f97e1a38ada29a4f') in 0.014887 seconds
Number of updated asset objects reloaded before import = 0Number of asset objects unloaded after import = 2

========================================================================
Received Prepare
Begin MonoManager ReloadAssembly
- Loaded All Assemblies, in  0.844 seconds
Refreshing native plugins compatible for Editor in 1.27 ms, found 3 plugins.
Native extension for WindowsStandalone target not found
Mono: successfully reloaded assembly
- Finished resetting the current domain, in  1.105 seconds
Domain Reload Profiling: 1946ms
	BeginReloadAssembly (228ms)
		ExecutionOrderSort (0ms)
		DisableScriptedObjects (7ms)
		BackupInstance (0ms)
		ReleaseScriptingObjects (0ms)
		CreateAndSetChildDomain (58ms)
	RebuildCommonClasses (41ms)
	RebuildNativeTypeToScriptingClass (16ms)
	initialDomainReloadingComplete (35ms)
	LoadAllAssembliesAndSetupDomain (521ms)
		LoadAssemblies (374ms)
		RebuildTransferFunctionScriptingTraits (0ms)
		AnalyzeDomain (260ms)
			TypeCache.Refresh (8ms)
				TypeCache.ScanAssembly (0ms)
			BuildScriptInfoCaches (235ms)
			ResolveRequiredComponents (14ms)
	FinalizeReload (1105ms)
		ReleaseScriptCaches (0ms)
		RebuildScriptCaches (0ms)
		SetupLoadedEditorAssemblies (710ms)
			LogAssemblyErrors (0ms)
			InitializePlatformSupportModulesInManaged (3ms)
			SetLoadedEditorAssemblies (7ms)
			BeforeProcessingInitializeOnLoad (84ms)
			ProcessInitializeOnLoadAttributes (536ms)
			ProcessInitializeOnLoadMethodAttributes (72ms)
			AfterProcessingInitializeOnLoad (8ms)
			EditorAssembliesLoaded (0ms)
		ExecutionOrderSort2 (0ms)
		AwakeInstancesAfterBackupRestoration (20ms)
Refreshing native plugins compatible for Editor in 1.15 ms, found 3 plugins.
Preloading 0 native plugins for Editor in 0.00 ms.
Unloading 13 Unused Serialized files (Serialized files now loaded: 0)
Unloading 5912 unused Assets / (4.4 MB). Loaded Objects now: 6782.
Memory consumption went from 191.7 MB to 187.4 MB.
Total: 13.169000 ms (FindLiveObjects: 1.059400 ms CreateObjectMapping: 1.627900 ms MarkObjects: 6.502300 ms  DeleteObjects: 3.978100 ms)

Prepare: number of updated asset objects reloaded= 0
========================================================================
Received Import Request.
  Time since last request: 320.112180 seconds.
  path: Assets/NewLayer.terrainlayer
  artifactKey: Guid(e6199d813f5ef8e40ac32ab836af556d) Importer(815301076,1909f56bfc062723c751e8b465ee728b)
Start importing Assets/NewLayer.terrainlayer using Guid(e6199d813f5ef8e40ac32ab836af556d) Importer(815301076,1909f56bfc062723c751e8b465ee728b) (PreviewImporter) -> (artifact id: '5d835d2c1971a28c21d9ee594e9252a0') in 0.0838841 seconds
Number of updated asset objects reloaded before import = 0Number of asset objects unloaded after import = 2

========================================================================
Received Prepare
Begin MonoManager ReloadAssembly
- Loaded All Assemblies, in  0.836 seconds
Refreshing native plugins compatible for Editor in 0.99 ms, found 3 plugins.
Native extension for WindowsStandalone target not found
Mono: successfully reloaded assembly
- Finished resetting the current domain, in  0.994 seconds
Domain Reload Profiling: 1830ms
	BeginReloadAssembly (226ms)
		ExecutionOrderSort (0ms)
		DisableScriptedObjects (8ms)
		BackupInstance (0ms)
		ReleaseScriptingObjects (0ms)
		CreateAndSetChildDomain (58ms)
	RebuildCommonClasses (40ms)
	RebuildNativeTypeToScriptingClass (15ms)
	initialDomainReloadingComplete (32ms)
	LoadAllAssembliesAndSetupDomain (522ms)
		LoadAssemblies (368ms)
		RebuildTransferFunctionScriptingTraits (0ms)
		AnalyzeDomain (266ms)
			TypeCache.Refresh (8ms)
				TypeCache.ScanAssembly (0ms)
			BuildScriptInfoCaches (242ms)
			ResolveRequiredComponents (13ms)
	FinalizeReload (995ms)
		ReleaseScriptCaches (0ms)
		RebuildScriptCaches (0ms)
		SetupLoadedEditorAssemblies (660ms)
			LogAssemblyErrors (0ms)
			InitializePlatformSupportModulesInManaged (2ms)
			SetLoadedEditorAssemblies (6ms)
			BeforeProcessingInitializeOnLoad (75ms)
			ProcessInitializeOnLoadAttributes (493ms)
			ProcessInitializeOnLoadMethodAttributes (76ms)
			AfterProcessingInitializeOnLoad (7ms)
			EditorAssembliesLoaded (0ms)
		ExecutionOrderSort2 (0ms)
		AwakeInstancesAfterBackupRestoration (15ms)
Refreshing native plugins compatible for Editor in 0.97 ms, found 3 plugins.
Preloading 0 native plugins for Editor in 0.00 ms.
Unloading 13 Unused Serialized files (Serialized files now loaded: 0)
Unloading 5912 unused Assets / (4.0 MB). Loaded Objects now: 6786.
Memory consumption went from 191.7 MB to 187.7 MB.
Total: 8.639200 ms (FindLiveObjects: 0.725700 ms CreateObjectMapping: 0.981100 ms MarkObjects: 4.742400 ms  DeleteObjects: 2.188900 ms)

Prepare: number of updated asset objects reloaded= 0
========================================================================
Received Prepare
Begin MonoManager ReloadAssembly
- Loaded All Assemblies, in  0.819 seconds
Refreshing native plugins compatible for Editor in 1.03 ms, found 3 plugins.
Native extension for WindowsStandalone target not found
Mono: successfully reloaded assembly
- Finished resetting the current domain, in  0.974 seconds
Domain Reload Profiling: 1793ms
	BeginReloadAssembly (218ms)
		ExecutionOrderSort (0ms)
		DisableScriptedObjects (7ms)
		BackupInstance (0ms)
		ReleaseScriptingObjects (0ms)
		CreateAndSetChildDomain (54ms)
	RebuildCommonClasses (40ms)
	RebuildNativeTypeToScriptingClass (15ms)
	initialDomainReloadingComplete (31ms)
	LoadAllAssembliesAndSetupDomain (514ms)
		LoadAssemblies (376ms)
		RebuildTransferFunctionScriptingTraits (0ms)
		AnalyzeDomain (247ms)
			TypeCache.Refresh (8ms)
				TypeCache.ScanAssembly (0ms)
			BuildScriptInfoCaches (224ms)
			ResolveRequiredComponents (12ms)
	FinalizeReload (974ms)
		ReleaseScriptCaches (0ms)
		RebuildScriptCaches (0ms)
		SetupLoadedEditorAssemblies (633ms)
			LogAssemblyErrors (0ms)
			InitializePlatformSupportModulesInManaged (2ms)
			SetLoadedEditorAssemblies (6ms)
			BeforeProcessingInitializeOnLoad (78ms)
			ProcessInitializeOnLoadAttributes (474ms)
			ProcessInitializeOnLoadMethodAttributes (63ms)
			AfterProcessingInitializeOnLoad (9ms)
			EditorAssembliesLoaded (0ms)
		ExecutionOrderSort2 (0ms)
		AwakeInstancesAfterBackupRestoration (21ms)
Refreshing native plugins compatible for Editor in 1.03 ms, found 3 plugins.
Preloading 0 native plugins for Editor in 0.00 ms.
Unloading 13 Unused Serialized files (Serialized files now loaded: 0)
Unloading 5912 unused Assets / (4.1 MB). Loaded Objects now: 6788.
Memory consumption went from 191.7 MB to 187.6 MB.
Total: 8.691400 ms (FindLiveObjects: 0.734000 ms CreateObjectMapping: 0.956200 ms MarkObjects: 4.712500 ms  DeleteObjects: 2.288100 ms)

Prepare: number of updated asset objects reloaded= 0
========================================================================
Received Prepare
Begin MonoManager ReloadAssembly
- Loaded All Assemblies, in  0.865 seconds
Refreshing native plugins compatible for Editor in 0.95 ms, found 3 plugins.
Native extension for WindowsStandalone target not found
Mono: successfully reloaded assembly
- Finished resetting the current domain, in  1.058 seconds
Domain Reload Profiling: 1926ms
	BeginReloadAssembly (217ms)
		ExecutionOrderSort (0ms)
		DisableScriptedObjects (7ms)
		BackupInstance (0ms)
		ReleaseScriptingObjects (0ms)
		CreateAndSetChildDomain (58ms)
	RebuildCommonClasses (41ms)
	RebuildNativeTypeToScriptingClass (16ms)
	initialDomainReloadingComplete (30ms)
	LoadAllAssembliesAndSetupDomain (564ms)
		LoadAssemblies (382ms)
		RebuildTransferFunctionScriptingTraits (0ms)
		AnalyzeDomain (283ms)
			TypeCache.Refresh (8ms)
				TypeCache.ScanAssembly (0ms)
			BuildScriptInfoCaches (254ms)
			ResolveRequiredComponents (15ms)
	FinalizeReload (1059ms)
		ReleaseScriptCaches (0ms)
		RebuildScriptCaches (0ms)
		SetupLoadedEditorAssemblies (707ms)
			LogAssemblyErrors (0ms)
			InitializePlatformSupportModulesInManaged (2ms)
			SetLoadedEditorAssemblies (7ms)
			BeforeProcessingInitializeOnLoad (82ms)
			ProcessInitializeOnLoadAttributes (534ms)
			ProcessInitializeOnLoadMethodAttributes (75ms)
			AfterProcessingInitializeOnLoad (7ms)
			EditorAssembliesLoaded (0ms)
		ExecutionOrderSort2 (0ms)
		AwakeInstancesAfterBackupRestoration (17ms)
Refreshing native plugins compatible for Editor in 1.09 ms, found 3 plugins.
Preloading 0 native plugins for Editor in 0.00 ms.
Unloading 13 Unused Serialized files (Serialized files now loaded: 0)
Unloading 5912 unused Assets / (4.2 MB). Loaded Objects now: 6790.
Memory consumption went from 191.7 MB to 187.6 MB.
Total: 8.992700 ms (FindLiveObjects: 0.737700 ms CreateObjectMapping: 1.018100 ms MarkObjects: 4.942100 ms  DeleteObjects: 2.294000 ms)

Prepare: number of updated asset objects reloaded= 0
========================================================================
Received Prepare
Begin MonoManager ReloadAssembly
- Loaded All Assemblies, in  0.843 seconds
Refreshing native plugins compatible for Editor in 0.94 ms, found 3 plugins.
Native extension for WindowsStandalone target not found
Mono: successfully reloaded assembly
- Finished resetting the current domain, in  1.034 seconds
Domain Reload Profiling: 1877ms
	BeginReloadAssembly (217ms)
		ExecutionOrderSort (0ms)
		DisableScriptedObjects (7ms)
		BackupInstance (0ms)
		ReleaseScriptingObjects (0ms)
		CreateAndSetChildDomain (51ms)
	RebuildCommonClasses (43ms)
	RebuildNativeTypeToScriptingClass (22ms)
	initialDomainReloadingComplete (31ms)
	LoadAllAssembliesAndSetupDomain (528ms)
		LoadAssemblies (388ms)
		RebuildTransferFunctionScriptingTraits (0ms)
		AnalyzeDomain (253ms)
			TypeCache.Refresh (9ms)
				TypeCache.ScanAssembly (0ms)
			BuildScriptInfoCaches (226ms)
			ResolveRequiredComponents (15ms)
	FinalizeReload (1035ms)
		ReleaseScriptCaches (0ms)
		RebuildScriptCaches (0ms)
		SetupLoadedEditorAssemblies (690ms)
			LogAssemblyErrors (0ms)
			InitializePlatformSupportModulesInManaged (3ms)
			SetLoadedEditorAssemblies (6ms)
			BeforeProcessingInitializeOnLoad (81ms)
			ProcessInitializeOnLoadAttributes (531ms)
			ProcessInitializeOnLoadMethodAttributes (62ms)
			AfterProcessingInitializeOnLoad (7ms)
			EditorAssembliesLoaded (0ms)
		ExecutionOrderSort2 (0ms)
		AwakeInstancesAfterBackupRestoration (15ms)
Refreshing native plugins compatible for Editor in 1.07 ms, found 3 plugins.
Preloading 0 native plugins for Editor in 0.00 ms.
Unloading 13 Unused Serialized files (Serialized files now loaded: 0)
Unloading 5912 unused Assets / (4.1 MB). Loaded Objects now: 6792.
Memory consumption went from 191.7 MB to 187.7 MB.
Total: 9.381400 ms (FindLiveObjects: 0.791200 ms CreateObjectMapping: 1.055400 ms MarkObjects: 5.092100 ms  DeleteObjects: 2.441100 ms)

Prepare: number of updated asset objects reloaded= 0
========================================================================
Received Prepare
Begin MonoManager ReloadAssembly
- Loaded All Assemblies, in  0.795 seconds
Refreshing native plugins compatible for Editor in 1.09 ms, found 3 plugins.
Native extension for WindowsStandalone target not found
Mono: successfully reloaded assembly
- Finished resetting the current domain, in  1.023 seconds
Domain Reload Profiling: 1818ms
	BeginReloadAssembly (208ms)
		ExecutionOrderSort (0ms)
		DisableScriptedObjects (7ms)
		BackupInstance (0ms)
		ReleaseScriptingObjects (0ms)
		CreateAndSetChildDomain (48ms)
	RebuildCommonClasses (41ms)
	RebuildNativeTypeToScriptingClass (16ms)
	initialDomainReloadingComplete (30ms)
	LoadAllAssembliesAndSetupDomain (499ms)
		LoadAssemblies (354ms)
		RebuildTransferFunctionScriptingTraits (0ms)
		AnalyzeDomain (252ms)
			TypeCache.Refresh (8ms)
				TypeCache.ScanAssembly (0ms)
			BuildScriptInfoCaches (228ms)
			ResolveRequiredComponents (13ms)
	FinalizeReload (1023ms)
		ReleaseScriptCaches (0ms)
		RebuildScriptCaches (0ms)
		SetupLoadedEditorAssemblies (698ms)
			LogAssemblyErrors (0ms)
			InitializePlatformSupportModulesInManaged (2ms)
			SetLoadedEditorAssemblies (7ms)
			BeforeProcessingInitializeOnLoad (78ms)
			ProcessInitializeOnLoadAttributes (527ms)
			ProcessInitializeOnLoadMethodAttributes (75ms)
			AfterProcessingInitializeOnLoad (9ms)
			EditorAssembliesLoaded (0ms)
		ExecutionOrderSort2 (0ms)
		AwakeInstancesAfterBackupRestoration (15ms)
Refreshing native plugins compatible for Editor in 1.19 ms, found 3 plugins.
Preloading 0 native plugins for Editor in 0.00 ms.
Unloading 13 Unused Serialized files (Serialized files now loaded: 0)
Unloading 5912 unused Assets / (4.2 MB). Loaded Objects now: 6794.
Memory consumption went from 191.7 MB to 187.6 MB.
Total: 10.527400 ms (FindLiveObjects: 0.783800 ms CreateObjectMapping: 1.660700 ms MarkObjects: 5.308300 ms  DeleteObjects: 2.773700 ms)

Prepare: number of updated asset objects reloaded= 0
========================================================================
Received Prepare
Begin MonoManager ReloadAssembly
- Loaded All Assemblies, in  0.831 seconds
Refreshing native plugins compatible for Editor in 0.91 ms, found 3 plugins.
Native extension for WindowsStandalone target not found
Mono: successfully reloaded assembly
- Finished resetting the current domain, in  1.016 seconds
Domain Reload Profiling: 1847ms
	BeginReloadAssembly (214ms)
		ExecutionOrderSort (0ms)
		DisableScriptedObjects (7ms)
		BackupInstance (0ms)
		ReleaseScriptingObjects (0ms)
		CreateAndSetChildDomain (52ms)
	RebuildCommonClasses (40ms)
	RebuildNativeTypeToScriptingClass (16ms)
	initialDomainReloadingComplete (29ms)
	LoadAllAssembliesAndSetupDomain (531ms)
		LoadAssemblies (368ms)
		RebuildTransferFunctionScriptingTraits (0ms)
		AnalyzeDomain (272ms)
			TypeCache.Refresh (8ms)
				TypeCache.ScanAssembly (0ms)
			BuildScriptInfoCaches (234ms)
			ResolveRequiredComponents (26ms)
	FinalizeReload (1017ms)
		ReleaseScriptCaches (0ms)
		RebuildScriptCaches (0ms)
		SetupLoadedEditorAssemblies (665ms)
			LogAssemblyErrors (0ms)
			InitializePlatformSupportModulesInManaged (3ms)
			SetLoadedEditorAssemblies (7ms)
			BeforeProcessingInitializeOnLoad (79ms)
			ProcessInitializeOnLoadAttributes (496ms)
			ProcessInitializeOnLoadMethodAttributes (72ms)
			AfterProcessingInitializeOnLoad (8ms)
			EditorAssembliesLoaded (0ms)
		ExecutionOrderSort2 (0ms)
		AwakeInstancesAfterBackupRestoration (16ms)
Refreshing native plugins compatible for Editor in 0.99 ms, found 3 plugins.
Preloading 0 native plugins for Editor in 0.00 ms.
Unloading 13 Unused Serialized files (Serialized files now loaded: 0)
Unloading 5912 unused Assets / (4.0 MB). Loaded Objects now: 6796.
Memory consumption went from 191.7 MB to 187.7 MB.
Total: 8.619600 ms (FindLiveObjects: 0.735800 ms CreateObjectMapping: 0.950200 ms MarkObjects: 4.771400 ms  DeleteObjects: 2.161500 ms)

Prepare: number of updated asset objects reloaded= 0
========================================================================
Received Prepare
Begin MonoManager ReloadAssembly
- Loaded All Assemblies, in  0.787 seconds
Refreshing native plugins compatible for Editor in 1.23 ms, found 3 plugins.
Native extension for WindowsStandalone target not found
Mono: successfully reloaded assembly
- Finished resetting the current domain, in  1.039 seconds
Domain Reload Profiling: 1826ms
	BeginReloadAssembly (209ms)
		ExecutionOrderSort (0ms)
		DisableScriptedObjects (8ms)
		BackupInstance (0ms)
		ReleaseScriptingObjects (0ms)
		CreateAndSetChildDomain (53ms)
	RebuildCommonClasses (40ms)
	RebuildNativeTypeToScriptingClass (17ms)
	initialDomainReloadingComplete (29ms)
	LoadAllAssembliesAndSetupDomain (492ms)
		LoadAssemblies (341ms)
		RebuildTransferFunctionScriptingTraits (0ms)
		AnalyzeDomain (251ms)
			TypeCache.Refresh (9ms)
				TypeCache.ScanAssembly (0ms)
			BuildScriptInfoCaches (226ms)
			ResolveRequiredComponents (12ms)
	FinalizeReload (1039ms)
		ReleaseScriptCaches (0ms)
		RebuildScriptCaches (0ms)
		SetupLoadedEditorAssemblies (691ms)
			LogAssemblyErrors (0ms)
			InitializePlatformSupportModulesInManaged (2ms)
			SetLoadedEditorAssemblies (8ms)
			BeforeProcessingInitializeOnLoad (76ms)
			ProcessInitializeOnLoadAttributes (533ms)
			ProcessInitializeOnLoadMethodAttributes (62ms)
			AfterProcessingInitializeOnLoad (9ms)
			EditorAssembliesLoaded (0ms)
		ExecutionOrderSort2 (0ms)
		AwakeInstancesAfterBackupRestoration (17ms)
Refreshing native plugins compatible for Editor in 0.98 ms, found 3 plugins.
Preloading 0 native plugins for Editor in 0.00 ms.
Unloading 13 Unused Serialized files (Serialized files now loaded: 0)
Unloading 5912 unused Assets / (4.0 MB). Loaded Objects now: 6798.
Memory consumption went from 191.8 MB to 187.7 MB.
Total: 8.774400 ms (FindLiveObjects: 0.740600 ms CreateObjectMapping: 1.064200 ms MarkObjects: 4.840200 ms  DeleteObjects: 2.128500 ms)

Prepare: number of updated asset objects reloaded= 0
========================================================================
Received Prepare
Begin MonoManager ReloadAssembly
- Loaded All Assemblies, in  0.917 seconds
Refreshing native plugins compatible for Editor in 1.05 ms, found 3 plugins.
Native extension for WindowsStandalone target not found
Mono: successfully reloaded assembly
- Finished resetting the current domain, in  1.249 seconds
Domain Reload Profiling: 2167ms
	BeginReloadAssembly (233ms)
		ExecutionOrderSort (0ms)
		DisableScriptedObjects (8ms)
		BackupInstance (0ms)
		ReleaseScriptingObjects (0ms)
		CreateAndSetChildDomain (58ms)
	RebuildCommonClasses (41ms)
	RebuildNativeTypeToScriptingClass (20ms)
	initialDomainReloadingComplete (32ms)
	LoadAllAssembliesAndSetupDomain (591ms)
		LoadAssemblies (427ms)
		RebuildTransferFunctionScriptingTraits (0ms)
		AnalyzeDomain (281ms)
			TypeCache.Refresh (10ms)
				TypeCache.ScanAssembly (0ms)
			BuildScriptInfoCaches (256ms)
			ResolveRequiredComponents (12ms)
	FinalizeReload (1250ms)
		ReleaseScriptCaches (0ms)
		RebuildScriptCaches (0ms)
		SetupLoadedEditorAssemblies (813ms)
			LogAssemblyErrors (0ms)
			InitializePlatformSupportModulesInManaged (4ms)
			SetLoadedEditorAssemblies (10ms)
			BeforeProcessingInitializeOnLoad (90ms)
			ProcessInitializeOnLoadAttributes (634ms)
			ProcessInitializeOnLoadMethodAttributes (68ms)
			AfterProcessingInitializeOnLoad (7ms)
			EditorAssembliesLoaded (0ms)
		ExecutionOrderSort2 (0ms)
		AwakeInstancesAfterBackupRestoration (16ms)
Refreshing native plugins compatible for Editor in 1.05 ms, found 3 plugins.
Preloading 0 native plugins for Editor in 0.00 ms.
Unloading 13 Unused Serialized files (Serialized files now loaded: 0)
Unloading 5912 unused Assets / (4.1 MB). Loaded Objects now: 6800.
Memory consumption went from 191.8 MB to 187.6 MB.
Total: 12.367800 ms (FindLiveObjects: 0.975800 ms CreateObjectMapping: 1.428200 ms MarkObjects: 7.255500 ms  DeleteObjects: 2.707200 ms)

Prepare: number of updated asset objects reloaded= 0
========================================================================
Received Prepare
Begin MonoManager ReloadAssembly
- Loaded All Assemblies, in  0.983 seconds
Refreshing native plugins compatible for Editor in 0.98 ms, found 3 plugins.
Native extension for WindowsStandalone target not found
Mono: successfully reloaded assembly
- Finished resetting the current domain, in  1.602 seconds
Domain Reload Profiling: 2584ms
	BeginReloadAssembly (286ms)
		ExecutionOrderSort (0ms)
		DisableScriptedObjects (8ms)
		BackupInstance (0ms)
		ReleaseScriptingObjects (1ms)
		CreateAndSetChildDomain (77ms)
	RebuildCommonClasses (46ms)
	RebuildNativeTypeToScriptingClass (16ms)
	initialDomainReloadingComplete (29ms)
	LoadAllAssembliesAndSetupDomain (604ms)
		LoadAssemblies (465ms)
		RebuildTransferFunctionScriptingTraits (0ms)
		AnalyzeDomain (281ms)
			TypeCache.Refresh (15ms)
				TypeCache.ScanAssembly (0ms)
			BuildScriptInfoCaches (250ms)
			ResolveRequiredComponents (13ms)
	FinalizeReload (1603ms)
		ReleaseScriptCaches (0ms)
		RebuildScriptCaches (0ms)
		SetupLoadedEditorAssemblies (1086ms)
			LogAssemblyErrors (0ms)
			InitializePlatformSupportModulesInManaged (6ms)
			SetLoadedEditorAssemblies (9ms)
			BeforeProcessingInitializeOnLoad (96ms)
			ProcessInitializeOnLoadAttributes (850ms)
			ProcessInitializeOnLoadMethodAttributes (108ms)
			AfterProcessingInitializeOnLoad (17ms)
			EditorAssembliesLoaded (1ms)
		ExecutionOrderSort2 (0ms)
		AwakeInstancesAfterBackupRestoration (25ms)
Refreshing native plugins compatible for Editor in 1.08 ms, found 3 plugins.
Preloading 0 native plugins for Editor in 0.00 ms.
Unloading 13 Unused Serialized files (Serialized files now loaded: 0)
Unloading 5912 unused Assets / (4.3 MB). Loaded Objects now: 6802.
Memory consumption went from 191.8 MB to 187.5 MB.
Total: 19.141900 ms (FindLiveObjects: 1.505300 ms CreateObjectMapping: 1.539100 ms MarkObjects: 11.164000 ms  DeleteObjects: 4.932200 ms)

Prepare: number of updated asset objects reloaded= 0
