Using pre-set license
Built from '6000.0/staging' branch; Version is '6000.0.27f1 (27c554a2199c) revision 2606420'; Using compiler version '193933523'; Build Type 'Release'
OS: 'Windows 11  (10.0.22631) 64bit Education' Language: 'en' Physical Memory: 16088 MB
BatchMode: 1, IsHumanControllingUs: 0, StartBugReporterOnCrash: 0, Is64bit: 1, IsPro: 1

COMMAND LINE ARGUMENTS:
C:\Program Files\Unity 6000.0.27f1\Editor\Unity.exe
-adb2
-batchMode
-noUpm
-name
AssetImportWorker5
-projectPath
C:/Users/Period 7-8/Documents/GitHub/AyndrilaP_Unity/Unit_1-Unity_Basics/UnityEssentials
-logFile
Logs/AssetImportWorker5.log
-srvPort
53594
-job-worker-count
7
-background-job-worker-count
8
-asset-garbage-collectors
1
Successfully changed project path to: C:/Users/Period 7-8/Documents/GitHub/AyndrilaP_Unity/Unit_1-Unity_Basics/UnityEssentials
C:/Users/Period 7-8/Documents/GitHub/AyndrilaP_Unity/Unit_1-Unity_Basics/UnityEssentials
[UnityMemory] Configuration Parameters - Can be set up in boot.config
    "memorysetup-bucket-allocator-granularity=16"
    "memorysetup-bucket-allocator-bucket-count=8"
    "memorysetup-bucket-allocator-block-size=33554432"
    "memorysetup-bucket-allocator-block-count=8"
    "memorysetup-main-allocator-block-size=16777216"
    "memorysetup-thread-allocator-block-size=16777216"
    "memorysetup-gfx-main-allocator-block-size=16777216"
    "memorysetup-gfx-thread-allocator-block-size=16777216"
    "memorysetup-cache-allocator-block-size=4194304"
    "memorysetup-typetree-allocator-block-size=2097152"
    "memorysetup-profiler-bucket-allocator-granularity=16"
    "memorysetup-profiler-bucket-allocator-bucket-count=8"
    "memorysetup-profiler-bucket-allocator-block-size=33554432"
    "memorysetup-profiler-bucket-allocator-block-count=8"
    "memorysetup-profiler-allocator-block-size=16777216"
    "memorysetup-profiler-editor-allocator-block-size=1048576"
    "memorysetup-temp-allocator-size-main=16777216"
    "memorysetup-job-temp-allocator-block-size=2097152"
    "memorysetup-job-temp-allocator-block-size-background=1048576"
    "memorysetup-job-temp-allocator-reduction-small-platforms=262144"
    "memorysetup-allocator-temp-initial-block-size-main=262144"
    "memorysetup-allocator-temp-initial-block-size-worker=262144"
    "memorysetup-temp-allocator-size-background-worker=32768"
    "memorysetup-temp-allocator-size-job-worker=262144"
    "memorysetup-temp-allocator-size-preload-manager=33554432"
    "memorysetup-temp-allocator-size-nav-mesh-worker=65536"
    "memorysetup-temp-allocator-size-audio-worker=65536"
    "memorysetup-temp-allocator-size-cloud-worker=32768"
    "memorysetup-temp-allocator-size-gi-baking-worker=262144"
    "memorysetup-temp-allocator-size-gi-baking-worker=262144"
    "memorysetup-temp-allocator-size-gi-baking-worker=262144"
    "memorysetup-temp-allocator-size-gi-baking-worker=262144"
    "memorysetup-temp-allocator-size-gi-baking-worker=262144"
    "memorysetup-temp-allocator-size-gfx=262144"
Player connection [27644]  Target information:

Player connection [27644]  * "[IP] 10.87.50.122 [Port] 0 [Flags] 2 [Guid] 1183355069 [EditorId] 1183355069 [Version] 1048832 [Id] WindowsEditor(7,RMG07A-WS12-WIN) [Debug] 1 [PackageName] WindowsEditor [ProjectName] Editor" 

Player connection [27644] Host joined multi-casting on [225.0.0.222:54997]...
Player connection [27644] Host joined alternative multi-casting on [225.0.0.222:34997]...
JobSystem: Creating JobQueue using job-worker-count value 7
[Physics::Module] Initialized fallback backend.
[Physics::Module] Id: 0xdecafbad
Library Redirect Path: Library/
[Physics::Module] Selected backend.
[Physics::Module] Name: PhysX
[Physics::Module] Id: 0xf2b8ea05
[Physics::Module] SDK Version: 4.1.2
[Physics::Module] Integration Version: 1.0.0
[Physics::Module] Threading Mode: Multi-Threaded
Refreshing native plugins compatible for Editor in 2.15 ms, found 3 plugins.
Preloading 0 native plugins for Editor in 0.00 ms.
Initialize engine version: 6000.0.27f1 (27c554a2199c)
[Subsystems] Discovering subsystems at path C:/Program Files/Unity 6000.0.27f1/Editor/Data/Resources/UnitySubsystems
[Subsystems] Discovering subsystems at path C:/Users/Period 7-8/Documents/GitHub/AyndrilaP_Unity/Unit_1-Unity_Basics/UnityEssentials/Assets
GfxDevice: creating device client; kGfxThreadingModeNonThreaded
Direct3D:
    Version:  Direct3D 11.0 [level 11.1]
    Renderer: NVIDIA Quadro P1000 (ID=0x1cb1)
    Vendor:   NVIDIA
    VRAM:     4018 MB
    Driver:   31.0.15.3799
Initialize mono
Mono path[0] = 'C:/Program Files/Unity 6000.0.27f1/Editor/Data/Managed'
Mono path[1] = 'C:/Program Files/Unity 6000.0.27f1/Editor/Data/MonoBleedingEdge/lib/mono/unityjit-win32'
Mono config path = 'C:/Program Files/Unity 6000.0.27f1/Editor/Data/MonoBleedingEdge/etc'
Using monoOptions --debugger-agent=transport=dt_socket,embedding=1,server=y,suspend=n,address=127.0.0.1:56416
Begin MonoManager ReloadAssembly
Registering precompiled unity dll's ...
Register platform support module: C:/Program Files/Unity 6000.0.27f1/Editor/Data/PlaybackEngines/WindowsStandaloneSupport/UnityEditor.WindowsStandalone.Extensions.dll
Registered in 0.003059 seconds.
- Loaded All Assemblies, in  0.612 seconds
Native extension for WindowsStandalone target not found
Mono: successfully reloaded assembly
- Finished resetting the current domain, in  0.536 seconds
Domain Reload Profiling: 1146ms
	BeginReloadAssembly (214ms)
		ExecutionOrderSort (0ms)
		DisableScriptedObjects (0ms)
		BackupInstance (0ms)
		ReleaseScriptingObjects (0ms)
		CreateAndSetChildDomain (1ms)
	RebuildCommonClasses (61ms)
	RebuildNativeTypeToScriptingClass (18ms)
	initialDomainReloadingComplete (72ms)
	LoadAllAssembliesAndSetupDomain (245ms)
		LoadAssemblies (211ms)
		RebuildTransferFunctionScriptingTraits (0ms)
		AnalyzeDomain (240ms)
			TypeCache.Refresh (238ms)
				TypeCache.ScanAssembly (216ms)
			BuildScriptInfoCaches (0ms)
			ResolveRequiredComponents (1ms)
	FinalizeReload (537ms)
		ReleaseScriptCaches (0ms)
		RebuildScriptCaches (0ms)
		SetupLoadedEditorAssemblies (467ms)
			LogAssemblyErrors (0ms)
			InitializePlatformSupportModulesInManaged (35ms)
			SetLoadedEditorAssemblies (6ms)
			BeforeProcessingInitializeOnLoad (10ms)
			ProcessInitializeOnLoadAttributes (307ms)
			ProcessInitializeOnLoadMethodAttributes (102ms)
			AfterProcessingInitializeOnLoad (6ms)
			EditorAssembliesLoaded (0ms)
		ExecutionOrderSort2 (0ms)
		AwakeInstancesAfterBackupRestoration (0ms)
========================================================================
Worker process is ready to serve import requests
Import Worker Mode flag is 0x00
Begin MonoManager ReloadAssembly
- Loaded All Assemblies, in  1.657 seconds
Refreshing native plugins compatible for Editor in 0.98 ms, found 3 plugins.
Native extension for WindowsStandalone target not found
Mono: successfully reloaded assembly
- Finished resetting the current domain, in  1.365 seconds
Domain Reload Profiling: 3016ms
	BeginReloadAssembly (660ms)
		ExecutionOrderSort (0ms)
		DisableScriptedObjects (9ms)
		BackupInstance (0ms)
		ReleaseScriptingObjects (0ms)
		CreateAndSetChildDomain (56ms)
	RebuildCommonClasses (61ms)
	RebuildNativeTypeToScriptingClass (18ms)
	initialDomainReloadingComplete (63ms)
	LoadAllAssembliesAndSetupDomain (850ms)
		LoadAssemblies (584ms)
		RebuildTransferFunctionScriptingTraits (0ms)
		AnalyzeDomain (453ms)
			TypeCache.Refresh (313ms)
				TypeCache.ScanAssembly (277ms)
			BuildScriptInfoCaches (123ms)
			ResolveRequiredComponents (14ms)
	FinalizeReload (1365ms)
		ReleaseScriptCaches (0ms)
		RebuildScriptCaches (0ms)
		SetupLoadedEditorAssemblies (933ms)
			LogAssemblyErrors (0ms)
			InitializePlatformSupportModulesInManaged (3ms)
			SetLoadedEditorAssemblies (7ms)
			BeforeProcessingInitializeOnLoad (109ms)
			ProcessInitializeOnLoadAttributes (683ms)
			ProcessInitializeOnLoadMethodAttributes (120ms)
			AfterProcessingInitializeOnLoad (11ms)
			EditorAssembliesLoaded (0ms)
		ExecutionOrderSort2 (0ms)
		AwakeInstancesAfterBackupRestoration (12ms)
Launched and connected shader compiler UnityShaderCompiler.exe after 0.02 seconds
Refreshing native plugins compatible for Editor in 1.58 ms, found 3 plugins.
Preloading 0 native plugins for Editor in 0.00 ms.
Unloading 215 Unused Serialized files (Serialized files now loaded: 0)
Unloading 5906 unused Assets / (4.5 MB). Loaded Objects now: 6691.
Memory consumption went from 192.6 MB to 188.1 MB.
Total: 23.230000 ms (FindLiveObjects: 1.919900 ms CreateObjectMapping: 2.215100 ms MarkObjects: 13.528100 ms  DeleteObjects: 5.561700 ms)

========================================================================
Received Import Request.
  Time since last request: 344434.917942 seconds.
  path: Assets/_IntroToUnity/SourceFiles/Models/JohnLemon/Corridor/PictureFrame_MrMan.FBX
  artifactKey: Guid(2a56ae9ef7aa4654a96f73bda9a4c2c6) Importer(2089858483,192608db42251d675da83286b1cce702)
Start importing Assets/_IntroToUnity/SourceFiles/Models/JohnLemon/Corridor/PictureFrame_MrMan.FBX using Guid(2a56ae9ef7aa4654a96f73bda9a4c2c6) Importer(2089858483,192608db42251d675da83286b1cce702) (ScriptedImporter) -> (artifact id: '4280573201def12916375c53a6549c95') in 0.3536105 seconds
Number of updated asset objects reloaded before import = 0Number of asset objects unloaded after import = 7

========================================================================
Received Import Request.
  Time since last request: 0.000034 seconds.
  path: Assets/_IntroToUnity/SourceFiles/VFX/Textures/MediumFlame01Emission.tif
  artifactKey: Guid(c6ea76e08bf04fa4b959f8b193bd459c) Importer(2089858483,192608db42251d675da83286b1cce702)
Start importing Assets/_IntroToUnity/SourceFiles/VFX/Textures/MediumFlame01Emission.tif using Guid(c6ea76e08bf04fa4b959f8b193bd459c) Importer(2089858483,192608db42251d675da83286b1cce702) (ScriptedImporter) -> (artifact id: '6865ac10b3bc705d26b28ef685f496ed') in 0.0731489 seconds
Number of updated asset objects reloaded before import = 0Number of asset objects unloaded after import = 1

========================================================================
Received Import Request.
  Time since last request: 0.000032 seconds.
  path: Assets/_IntroToUnity/SourceFiles/Models/JohnLemon/Corridor/Wall_Straight_02.fbx
  artifactKey: Guid(241f3dc7f2ed74d40a90ce43df5e2f23) Importer(2089858483,192608db42251d675da83286b1cce702)
Start importing Assets/_IntroToUnity/SourceFiles/Models/JohnLemon/Corridor/Wall_Straight_02.fbx using Guid(241f3dc7f2ed74d40a90ce43df5e2f23) Importer(2089858483,192608db42251d675da83286b1cce702) (ScriptedImporter) -> (artifact id: '58aa8c40ba98ffe6160220737cccdf2f') in 0.0488587 seconds
Number of updated asset objects reloaded before import = 0Number of asset objects unloaded after import = 8

========================================================================
Received Import Request.
  Time since last request: 0.000019 seconds.
  path: Assets/_IntroToUnity/SourceFiles/Models/Prototyping/Letters/Y.fbx
  artifactKey: Guid(68c5038007ecf4d4ba579f75e0a42157) Importer(2089858483,192608db42251d675da83286b1cce702)
Start importing Assets/_IntroToUnity/SourceFiles/Models/Prototyping/Letters/Y.fbx using Guid(68c5038007ecf4d4ba579f75e0a42157) Importer(2089858483,192608db42251d675da83286b1cce702) (ScriptedImporter) -> (artifact id: '3028ee3e3f9d6a1457dd73dd9139af65') in 0.0282528 seconds
Number of updated asset objects reloaded before import = 0Number of asset objects unloaded after import = 7

========================================================================
Received Import Request.
  Time since last request: 0.000018 seconds.
  path: Assets/_IntroToUnity/SourceFiles/Models/JohnLemon/Diningroom/Clock.FBX
  artifactKey: Guid(91811fda631823c49b536c0b67dfec68) Importer(2089858483,192608db42251d675da83286b1cce702)
Start importing Assets/_IntroToUnity/SourceFiles/Models/JohnLemon/Diningroom/Clock.FBX using Guid(91811fda631823c49b536c0b67dfec68) Importer(2089858483,192608db42251d675da83286b1cce702) (ScriptedImporter) -> (artifact id: '664c8e9d835f4cc653f6efe42a7bef4e') in 0.0222468 seconds
Number of updated asset objects reloaded before import = 0Number of asset objects unloaded after import = 7

========================================================================
Received Import Request.
  Time since last request: 0.000021 seconds.
  path: Assets/_IntroToUnity/SourceFiles/Textures/Tileable/Pavement_SmallMoss_normal.png
  artifactKey: Guid(ce1e20c5ff755654f8a530b8c08ba0db) Importer(2089858483,192608db42251d675da83286b1cce702)
Start importing Assets/_IntroToUnity/SourceFiles/Textures/Tileable/Pavement_SmallMoss_normal.png using Guid(ce1e20c5ff755654f8a530b8c08ba0db) Importer(2089858483,192608db42251d675da83286b1cce702) (ScriptedImporter) -> (artifact id: '0e26bb187c71896e89eb92f5951f48b7') in 0.0259754 seconds
Number of updated asset objects reloaded before import = 0Number of asset objects unloaded after import = 1

========================================================================
Received Import Request.
  Time since last request: 0.000058 seconds.
  path: Assets/_IntroToUnity/SourceFiles/Models/JohnLemon/Corridor/PictureFrame_GhostMan.FBX
  artifactKey: Guid(ff679918594d2cb44996e920ec16ca62) Importer(2089858483,192608db42251d675da83286b1cce702)
Start importing Assets/_IntroToUnity/SourceFiles/Models/JohnLemon/Corridor/PictureFrame_GhostMan.FBX using Guid(ff679918594d2cb44996e920ec16ca62) Importer(2089858483,192608db42251d675da83286b1cce702) (ScriptedImporter) -> (artifact id: '71be1bc78263754161722dde6256dbeb') in 0.0286879 seconds
Number of updated asset objects reloaded before import = 0Number of asset objects unloaded after import = 7

========================================================================
Received Import Request.
  Time since last request: 0.000021 seconds.
  path: Assets/_IntroToUnity/SourceFiles/Models/JohnLemon/Corridor/Wall_Corner_Interior.fbx
  artifactKey: Guid(9da5aa368549f3e4883e3ca4b3ed05b8) Importer(2089858483,192608db42251d675da83286b1cce702)
Start importing Assets/_IntroToUnity/SourceFiles/Models/JohnLemon/Corridor/Wall_Corner_Interior.fbx using Guid(9da5aa368549f3e4883e3ca4b3ed05b8) Importer(2089858483,192608db42251d675da83286b1cce702) (ScriptedImporter) -> (artifact id: 'ec4af00fc2a419737ff54cae2c57b359') in 0.0318391 seconds
Number of updated asset objects reloaded before import = 0Number of asset objects unloaded after import = 8

========================================================================
Received Import Request.
  Time since last request: 0.000026 seconds.
  path: Assets/TextMesh Pro/Resources/Fonts & Materials/LiberationSans SDF - Drop Shadow.mat
  artifactKey: Guid(e73a58f6e2794ae7b1b7e50b7fb811b0) Importer(2089858483,192608db42251d675da83286b1cce702)
Start importing Assets/TextMesh Pro/Resources/Fonts & Materials/LiberationSans SDF - Drop Shadow.mat using Guid(e73a58f6e2794ae7b1b7e50b7fb811b0) Importer(2089858483,192608db42251d675da83286b1cce702) (ScriptedImporter) -> (artifact id: '571263e675bce1f9aa47927aa9fa1ebf') in 0.0377396 seconds
Number of updated asset objects reloaded before import = 0Number of asset objects unloaded after import = 2

========================================================================
Received Import Request.
  Time since last request: 0.000021 seconds.
  path: Assets/_IntroToUnity/SourceFiles/Textures/JohnLemon/BedRoom/Wardrobe_metallic.tif
  artifactKey: Guid(588c69a3b434c3f4b8fabcd84f20e965) Importer(2089858483,192608db42251d675da83286b1cce702)
Start importing Assets/_IntroToUnity/SourceFiles/Textures/JohnLemon/BedRoom/Wardrobe_metallic.tif using Guid(588c69a3b434c3f4b8fabcd84f20e965) Importer(2089858483,192608db42251d675da83286b1cce702) (ScriptedImporter) -> (artifact id: '21d7f80f2a2f4ef897784bda406de59f') in 0.0300089 seconds
Number of updated asset objects reloaded before import = 0Number of asset objects unloaded after import = 1

========================================================================
Received Import Request.
  Time since last request: 0.000025 seconds.
  path: Assets/_IntroToUnity/SourceFiles/Textures/JohnLemon/BedRoom/Wall_Bedroom_Normal.tif
  artifactKey: Guid(bffa1362c76c6124fa3804d5176eef0d) Importer(2089858483,192608db42251d675da83286b1cce702)
Start importing Assets/_IntroToUnity/SourceFiles/Textures/JohnLemon/BedRoom/Wall_Bedroom_Normal.tif using Guid(bffa1362c76c6124fa3804d5176eef0d) Importer(2089858483,192608db42251d675da83286b1cce702) (ScriptedImporter) -> (artifact id: '7167254a3bb7a0461f8f0dbec14d2596') in 0.0202485 seconds
Number of updated asset objects reloaded before import = 0Number of asset objects unloaded after import = 1

========================================================================
Received Import Request.
  Time since last request: 0.000017 seconds.
  path: Assets/_IntroToUnity/SourceFiles/Textures/JohnLemon/Characters/Gargoyle_MetallicSmooth.tif
  artifactKey: Guid(feedc85e522b87b4aa5051553a71fc2a) Importer(2089858483,192608db42251d675da83286b1cce702)
Start importing Assets/_IntroToUnity/SourceFiles/Textures/JohnLemon/Characters/Gargoyle_MetallicSmooth.tif using Guid(feedc85e522b87b4aa5051553a71fc2a) Importer(2089858483,192608db42251d675da83286b1cce702) (ScriptedImporter) -> (artifact id: 'edba0c24888d523aeeed013e866655d4') in 0.0238292 seconds
Number of updated asset objects reloaded before import = 0Number of asset objects unloaded after import = 1

========================================================================
Received Import Request.
  Time since last request: 0.000016 seconds.
  path: Assets/_IntroToUnity/SourceFiles/Textures/JohnLemon/BedRoom/BedSide_Normal.tif
  artifactKey: Guid(828152cbfdbb1bb4f8f562b6302f3f25) Importer(2089858483,192608db42251d675da83286b1cce702)
Start importing Assets/_IntroToUnity/SourceFiles/Textures/JohnLemon/BedRoom/BedSide_Normal.tif using Guid(828152cbfdbb1bb4f8f562b6302f3f25) Importer(2089858483,192608db42251d675da83286b1cce702) (ScriptedImporter) -> (artifact id: '349780d29309a9e9fe13cd39dad3e7bc') in 0.0248929 seconds
Number of updated asset objects reloaded before import = 0Number of asset objects unloaded after import = 1

========================================================================
Received Import Request.
  Time since last request: 0.000022 seconds.
  path: Assets/_IntroToUnity/SourceFiles/Textures/JohnLemon/BedRoom/BedSide_Metalness.tif
  artifactKey: Guid(123a200c482c794458cb562b92aee752) Importer(2089858483,192608db42251d675da83286b1cce702)
Start importing Assets/_IntroToUnity/SourceFiles/Textures/JohnLemon/BedRoom/BedSide_Metalness.tif using Guid(123a200c482c794458cb562b92aee752) Importer(2089858483,192608db42251d675da83286b1cce702) (ScriptedImporter) -> (artifact id: '77f6b848551dc015724dcf2345d77575') in 0.0256025 seconds
Number of updated asset objects reloaded before import = 0Number of asset objects unloaded after import = 1

========================================================================
Received Import Request.
  Time since last request: 0.000020 seconds.
  path: Assets/_IntroToUnity/SourceFiles/Textures/JohnLemon/Characters/Ghost_Normal.tif
  artifactKey: Guid(b2bf2fce6ac5acf41b89f5759488edae) Importer(2089858483,192608db42251d675da83286b1cce702)
Start importing Assets/_IntroToUnity/SourceFiles/Textures/JohnLemon/Characters/Ghost_Normal.tif using Guid(b2bf2fce6ac5acf41b89f5759488edae) Importer(2089858483,192608db42251d675da83286b1cce702) (ScriptedImporter) -> (artifact id: 'c6969effe86d86aceaba17a1b18b11b4') in 0.0306905 seconds
Number of updated asset objects reloaded before import = 0Number of asset objects unloaded after import = 1

========================================================================
Received Import Request.
  Time since last request: 0.000032 seconds.
  path: Assets/_IntroToUnity/UI/UI_Panel4CircleButton.png
  artifactKey: Guid(a5803946f2ef5aa40a25173b6369ec31) Importer(2089858483,192608db42251d675da83286b1cce702)
Start importing Assets/_IntroToUnity/UI/UI_Panel4CircleButton.png using Guid(a5803946f2ef5aa40a25173b6369ec31) Importer(2089858483,192608db42251d675da83286b1cce702) (ScriptedImporter) -> (artifact id: '8cb77ea3d89206d2b5a320900e92f110') in 0.0433149 seconds
Number of updated asset objects reloaded before import = 0Number of asset objects unloaded after import = 3

========================================================================
Received Import Request.
  Time since last request: 0.000015 seconds.
  path: Assets/_IntroToUnity/Prefabs/Prototyping/SM_Icon_SelectionRing.prefab
  artifactKey: Guid(32d881481397748e8bd2e3a82a5be636) Importer(2089858483,192608db42251d675da83286b1cce702)
Start importing Assets/_IntroToUnity/Prefabs/Prototyping/SM_Icon_SelectionRing.prefab using Guid(32d881481397748e8bd2e3a82a5be636) Importer(2089858483,192608db42251d675da83286b1cce702) (ScriptedImporter) -> (artifact id: '00a5971d3f699dc6a52a57396ed1c0fa') in 0.034166 seconds
Number of updated asset objects reloaded before import = 0Number of asset objects unloaded after import = 7

========================================================================
Received Import Request.
  Time since last request: 0.000036 seconds.
  path: Assets/_IntroToUnity/SourceFiles/Textures/JohnLemon/Corridor/Floor_Corridor_MetallicSmooth.tif
  artifactKey: Guid(ca6d89227d3939240a158a5fde973920) Importer(2089858483,192608db42251d675da83286b1cce702)
Start importing Assets/_IntroToUnity/SourceFiles/Textures/JohnLemon/Corridor/Floor_Corridor_MetallicSmooth.tif using Guid(ca6d89227d3939240a158a5fde973920) Importer(2089858483,192608db42251d675da83286b1cce702) (ScriptedImporter) -> (artifact id: 'cf8a759faaaa86af415e28b3fc186c5b') in 0.0228045 seconds
Number of updated asset objects reloaded before import = 0Number of asset objects unloaded after import = 1

========================================================================
Received Import Request.
  Time since last request: 0.000072 seconds.
  path: Assets/_IntroToUnity/SourceFiles/Textures/JohnLemon/Corridor/Wall_Corridor_MetallicSmooth.tif
  artifactKey: Guid(ba80831ff9ffb924f96dde6223f6fa8f) Importer(2089858483,192608db42251d675da83286b1cce702)
Start importing Assets/_IntroToUnity/SourceFiles/Textures/JohnLemon/Corridor/Wall_Corridor_MetallicSmooth.tif using Guid(ba80831ff9ffb924f96dde6223f6fa8f) Importer(2089858483,192608db42251d675da83286b1cce702) (ScriptedImporter) -> (artifact id: '8bcaf952c5073efcf77d6ecf0772f3db') in 0.0237816 seconds
Number of updated asset objects reloaded before import = 0Number of asset objects unloaded after import = 1

========================================================================
Received Import Request.
  Time since last request: 0.000020 seconds.
  path: Assets/_IntroToUnity/SourceFiles/Textures/JohnLemon/DiningRoom/CandleStick_MetallicSmooth.tif
  artifactKey: Guid(772872ff7081e284fa81ffd5909bf963) Importer(2089858483,192608db42251d675da83286b1cce702)
Start importing Assets/_IntroToUnity/SourceFiles/Textures/JohnLemon/DiningRoom/CandleStick_MetallicSmooth.tif using Guid(772872ff7081e284fa81ffd5909bf963) Importer(2089858483,192608db42251d675da83286b1cce702) (ScriptedImporter) -> (artifact id: '4fd32e337dc53c98526ac198079d14f5') in 0.0287934 seconds
Number of updated asset objects reloaded before import = 0Number of asset objects unloaded after import = 1

========================================================================
Received Import Request.
  Time since last request: 0.000033 seconds.
  path: Assets/_IntroToUnity/SourceFiles/Textures/JohnLemon/Corridor/Light_Normal.tif
  artifactKey: Guid(94b0af9e2dc9dc144a9fee2252e35c5d) Importer(2089858483,192608db42251d675da83286b1cce702)
Start importing Assets/_IntroToUnity/SourceFiles/Textures/JohnLemon/Corridor/Light_Normal.tif using Guid(94b0af9e2dc9dc144a9fee2252e35c5d) Importer(2089858483,192608db42251d675da83286b1cce702) (ScriptedImporter) -> (artifact id: '8d2a28f242af136cd74f4150a86ef5ed') in 0.0218865 seconds
Number of updated asset objects reloaded before import = 0Number of asset objects unloaded after import = 1

========================================================================
Received Import Request.
  Time since last request: 0.000099 seconds.
  path: Assets/_IntroToUnity/SourceFiles/Textures/JohnLemon/Characters/JohnLemon_Albedo.tif
  artifactKey: Guid(e20889403221e4d4a939367b675af181) Importer(2089858483,192608db42251d675da83286b1cce702)
Start importing Assets/_IntroToUnity/SourceFiles/Textures/JohnLemon/Characters/JohnLemon_Albedo.tif using Guid(e20889403221e4d4a939367b675af181) Importer(2089858483,192608db42251d675da83286b1cce702) (ScriptedImporter) -> (artifact id: '16289a7f44b36b284e78db12693bf16d') in 0.0225805 seconds
Number of updated asset objects reloaded before import = 0Number of asset objects unloaded after import = 1

========================================================================
Received Import Request.
  Time since last request: 0.000016 seconds.
  path: Assets/_IntroToUnity/SourceFiles/Textures/JohnLemon/Corridor/Frames_Albedo.tif
  artifactKey: Guid(8283eafe37c0a154b8ce521e98c75241) Importer(2089858483,192608db42251d675da83286b1cce702)
Start importing Assets/_IntroToUnity/SourceFiles/Textures/JohnLemon/Corridor/Frames_Albedo.tif using Guid(8283eafe37c0a154b8ce521e98c75241) Importer(2089858483,192608db42251d675da83286b1cce702) (ScriptedImporter) -> (artifact id: '2d8f397b6bbc2785879488038aef89f9') in 0.0289477 seconds
Number of updated asset objects reloaded before import = 0Number of asset objects unloaded after import = 1

========================================================================
Received Import Request.
  Time since last request: 0.000015 seconds.
  path: Assets/_IntroToUnity/Materials/GridWhite_01_Mat.mat
  artifactKey: Guid(dbf898c9f9c4a2d46aa6336e23caeb61) Importer(2089858483,192608db42251d675da83286b1cce702)
Start importing Assets/_IntroToUnity/Materials/GridWhite_01_Mat.mat using Guid(dbf898c9f9c4a2d46aa6336e23caeb61) Importer(2089858483,192608db42251d675da83286b1cce702) (ScriptedImporter) -> (artifact id: '069177cbb064ce7c2ef7963c160a5c47') in 0.0205027 seconds
Number of updated asset objects reloaded before import = 0Number of asset objects unloaded after import = 4

========================================================================
Received Import Request.
  Time since last request: 0.000028 seconds.
  path: Assets/TutorialInfo/Layout.wlt
  artifactKey: Guid(eabc9546105bf4accac1fd62a63e88e6) Importer(2089858483,192608db42251d675da83286b1cce702)
Start importing Assets/TutorialInfo/Layout.wlt using Guid(eabc9546105bf4accac1fd62a63e88e6) Importer(2089858483,192608db42251d675da83286b1cce702) (ScriptedImporter) -> (artifact id: '36c9e6da6e00b2cf461b01f6b9b5f5f9') in 0.0121899 seconds
Number of updated asset objects reloaded before import = 0Number of asset objects unloaded after import = 1

========================================================================
Received Import Request.
  Time since last request: 0.000125 seconds.
  path: Assets/_IntroToUnity/Materials/GreyBlue_Mat.mat
  artifactKey: Guid(6b911390c5825014e8377183a7837d3f) Importer(2089858483,192608db42251d675da83286b1cce702)
Start importing Assets/_IntroToUnity/Materials/GreyBlue_Mat.mat using Guid(6b911390c5825014e8377183a7837d3f) Importer(2089858483,192608db42251d675da83286b1cce702) (ScriptedImporter) -> (artifact id: 'acf7d9519b4d548b71e631bbc08a3880') in 0.0164464 seconds
Number of updated asset objects reloaded before import = 0Number of asset objects unloaded after import = 1

========================================================================
Received Import Request.
  Time since last request: 0.000031 seconds.
  path: Assets/_IntroToUnity/SourceFiles/Prefabs/JohnLemon/Environment/Bedroom/Bedside_Table.prefab
  artifactKey: Guid(c68b0496eaa4e75479451d4c408f629c) Importer(2089858483,192608db42251d675da83286b1cce702)
Start importing Assets/_IntroToUnity/SourceFiles/Prefabs/JohnLemon/Environment/Bedroom/Bedside_Table.prefab using Guid(c68b0496eaa4e75479451d4c408f629c) Importer(2089858483,192608db42251d675da83286b1cce702) (ScriptedImporter) -> (artifact id: 'ad7d01ff5af335057779f30938b1640d') in 0.0260144 seconds
Number of updated asset objects reloaded before import = 0Number of asset objects unloaded after import = 8

========================================================================
Received Import Request.
  Time since last request: 0.000017 seconds.
  path: Assets/_IntroToUnity/SourceFiles/Prefabs/JohnLemon/Environment/Corridors/Light.prefab
  artifactKey: Guid(fa833c84b0dbee34b84e6427f78feff3) Importer(2089858483,192608db42251d675da83286b1cce702)
Start importing Assets/_IntroToUnity/SourceFiles/Prefabs/JohnLemon/Environment/Corridors/Light.prefab using Guid(fa833c84b0dbee34b84e6427f78feff3) Importer(2089858483,192608db42251d675da83286b1cce702) (ScriptedImporter) -> (artifact id: '5c0b490986da7c95662f53da5b1e1696') in 0.0382476 seconds
Number of updated asset objects reloaded before import = 0Number of asset objects unloaded after import = 20

========================================================================
Received Import Request.
  Time since last request: 0.000017 seconds.
  path: Assets/_IntroToUnity/SourceFiles/Prefabs/JohnLemon/Environment/Corridors/Wall_Straight_Exterior_04.prefab
  artifactKey: Guid(fe38739420c917b45aa10d806da6344b) Importer(2089858483,192608db42251d675da83286b1cce702)
Start importing Assets/_IntroToUnity/SourceFiles/Prefabs/JohnLemon/Environment/Corridors/Wall_Straight_Exterior_04.prefab using Guid(fe38739420c917b45aa10d806da6344b) Importer(2089858483,192608db42251d675da83286b1cce702) (ScriptedImporter) -> (artifact id: 'bcf3f67df0677260bd0b9d1649b5bf11') in 0.0192298 seconds
Number of updated asset objects reloaded before import = 0Number of asset objects unloaded after import = 8

========================================================================
Received Import Request.
  Time since last request: 0.000034 seconds.
  path: Assets/_IntroToUnity/SourceFiles/Prefabs/JohnLemon/Environment/Corridors/Wall_Corner_Exterior_In.prefab
  artifactKey: Guid(5bb95bbe94bc3eb4897d4218ec092132) Importer(2089858483,192608db42251d675da83286b1cce702)
Start importing Assets/_IntroToUnity/SourceFiles/Prefabs/JohnLemon/Environment/Corridors/Wall_Corner_Exterior_In.prefab using Guid(5bb95bbe94bc3eb4897d4218ec092132) Importer(2089858483,192608db42251d675da83286b1cce702) (ScriptedImporter) -> (artifact id: 'c621f3af2d93b35ec8236e403184ed83') in 0.0235608 seconds
Number of updated asset objects reloaded before import = 0Number of asset objects unloaded after import = 9

========================================================================
Received Import Request.
  Time since last request: 0.000043 seconds.
  path: Assets/_IntroToUnity/SourceFiles/Animation/2D/Animations/Animators/Enemy.controller
  artifactKey: Guid(409982cc78ea2634aaa8c7c41bfa587a) Importer(2089858483,192608db42251d675da83286b1cce702)
Start importing Assets/_IntroToUnity/SourceFiles/Animation/2D/Animations/Animators/Enemy.controller using Guid(409982cc78ea2634aaa8c7c41bfa587a) Importer(2089858483,192608db42251d675da83286b1cce702) (ScriptedImporter) -> (artifact id: '2247b8e16af5752da7b646340b22fb83') in 0.0189436 seconds
Number of updated asset objects reloaded before import = 0Number of asset objects unloaded after import = 8

========================================================================
Received Import Request.
  Time since last request: 0.000034 seconds.
  path: Assets/_IntroToUnity/SourceFiles/Prefabs/JohnLemon/Environment/Corridors/Wall_Corner_Interior.prefab
  artifactKey: Guid(5a088a5f9e886a64b90e23ed9d048b4f) Importer(2089858483,192608db42251d675da83286b1cce702)
Start importing Assets/_IntroToUnity/SourceFiles/Prefabs/JohnLemon/Environment/Corridors/Wall_Corner_Interior.prefab using Guid(5a088a5f9e886a64b90e23ed9d048b4f) Importer(2089858483,192608db42251d675da83286b1cce702) (ScriptedImporter) -> (artifact id: 'd4bcf0007ea7640bdd50b8dff1f26211') in 0.0216808 seconds
Number of updated asset objects reloaded before import = 0Number of asset objects unloaded after import = 9

========================================================================
Received Import Request.
  Time since last request: 0.000018 seconds.
  path: Assets/_IntroToUnity/SourceFiles/Prefabs/JohnLemon/Environment/Corridors/Wall_Corner_Exterior_Out.prefab
  artifactKey: Guid(c47f1a83b147ec342a2b5976fcfcdb01) Importer(2089858483,192608db42251d675da83286b1cce702)
Start importing Assets/_IntroToUnity/SourceFiles/Prefabs/JohnLemon/Environment/Corridors/Wall_Corner_Exterior_Out.prefab using Guid(c47f1a83b147ec342a2b5976fcfcdb01) Importer(2089858483,192608db42251d675da83286b1cce702) (ScriptedImporter) -> (artifact id: 'bead84d09643793b7282e4a13239bb8c') in 0.0253957 seconds
Number of updated asset objects reloaded before import = 0Number of asset objects unloaded after import = 9

========================================================================
Received Import Request.
  Time since last request: 0.000017 seconds.
  path: Assets/_IntroToUnity/SourceFiles/Textures/JohnLemon/DiningRoom/Wall_Diningroom_MetallicSmooth.png
  artifactKey: Guid(8103ed9777c5f8f4b8c631765a45912f) Importer(2089858483,192608db42251d675da83286b1cce702)
Start importing Assets/_IntroToUnity/SourceFiles/Textures/JohnLemon/DiningRoom/Wall_Diningroom_MetallicSmooth.png using Guid(8103ed9777c5f8f4b8c631765a45912f) Importer(2089858483,192608db42251d675da83286b1cce702) (ScriptedImporter) -> (artifact id: '9a8370ccb3c3a217290b0cd0958fe4d4') in 0.0214972 seconds
Number of updated asset objects reloaded before import = 0Number of asset objects unloaded after import = 1

========================================================================
Received Import Request.
  Time since last request: 0.000067 seconds.
  path: Assets/_IntroToUnity/SourceFiles/StarterAssets/Environment/Art/Textures/Grid_01_BaseMap.png
  artifactKey: Guid(d1118dda59970a2449ee890fa247c4c5) Importer(2089858483,192608db42251d675da83286b1cce702)
Start importing Assets/_IntroToUnity/SourceFiles/StarterAssets/Environment/Art/Textures/Grid_01_BaseMap.png using Guid(d1118dda59970a2449ee890fa247c4c5) Importer(2089858483,192608db42251d675da83286b1cce702) (ScriptedImporter) -> (artifact id: 'e5e2a8932475e4c159ad1c7f62c95dbc') in 0.0227589 seconds
Number of updated asset objects reloaded before import = 0Number of asset objects unloaded after import = 1

========================================================================
Received Import Request.
  Time since last request: 0.000025 seconds.
  path: Assets/_IntroToUnity/SourceFiles/StarterAssets/Environment/Art/Textures/Grid_01_Normal.png
  artifactKey: Guid(c5c221ed57a3bf6488f8eba0db28a004) Importer(2089858483,192608db42251d675da83286b1cce702)
Start importing Assets/_IntroToUnity/SourceFiles/StarterAssets/Environment/Art/Textures/Grid_01_Normal.png using Guid(c5c221ed57a3bf6488f8eba0db28a004) Importer(2089858483,192608db42251d675da83286b1cce702) (ScriptedImporter) -> (artifact id: '80a243934d789b8dd6ed821f23fbcf8d') in 0.0271114 seconds
Number of updated asset objects reloaded before import = 0Number of asset objects unloaded after import = 1

========================================================================
Received Import Request.
  Time since last request: 0.000085 seconds.
  path: Assets/_IntroToUnity/SourceFiles/StarterAssets/ThirdPersonController/Character/Materials/M_Armature_Arms.mat
  artifactKey: Guid(766fd3ff04aab4745a764d33daac86fa) Importer(2089858483,192608db42251d675da83286b1cce702)
Start importing Assets/_IntroToUnity/SourceFiles/StarterAssets/ThirdPersonController/Character/Materials/M_Armature_Arms.mat using Guid(766fd3ff04aab4745a764d33daac86fa) Importer(2089858483,192608db42251d675da83286b1cce702) (ScriptedImporter) -> (artifact id: '074e60122148c20d2d9ca6478c14fb1d') in 0.0249084 seconds
Number of updated asset objects reloaded before import = 0Number of asset objects unloaded after import = 4

========================================================================
Received Import Request.
  Time since last request: 0.000017 seconds.
  path: Assets/_IntroToUnity/SourceFiles/StarterAssets/Environment/Art/Models/Stairs_650_400_300_Mesh.fbx
  artifactKey: Guid(7e0223e1d3e1733499accfa5ebffb67e) Importer(2089858483,192608db42251d675da83286b1cce702)
Start importing Assets/_IntroToUnity/SourceFiles/StarterAssets/Environment/Art/Models/Stairs_650_400_300_Mesh.fbx using Guid(7e0223e1d3e1733499accfa5ebffb67e) Importer(2089858483,192608db42251d675da83286b1cce702) (ScriptedImporter) -> (artifact id: 'a7df836573ee38396b07ad130edaaae7') in 0.0398491 seconds
Number of updated asset objects reloaded before import = 0Number of asset objects unloaded after import = 16

========================================================================
Received Import Request.
  Time since last request: 0.000019 seconds.
  path: Assets/_IntroToUnity/SourceFiles/StarterAssets/ThirdPersonController/Character/Animations/Locomotion--Run_N.anim.fbx
  artifactKey: Guid(16114d403eabb53438de032c6f0d1deb) Importer(2089858483,192608db42251d675da83286b1cce702)
Start importing Assets/_IntroToUnity/SourceFiles/StarterAssets/ThirdPersonController/Character/Animations/Locomotion--Run_N.anim.fbx using Guid(16114d403eabb53438de032c6f0d1deb) Importer(2089858483,192608db42251d675da83286b1cce702) (ScriptedImporter) -> (artifact id: '502d75992ef9a78875c2d17193bf7051') in 0.0305579 seconds
Number of updated asset objects reloaded before import = 0Number of asset objects unloaded after import = 144

========================================================================
Received Import Request.
  Time since last request: 0.000027 seconds.
  path: Assets/_IntroToUnity/SourceFiles/StarterAssets/ThirdPersonController/Character/Textures/Armature_Body_RGB.png
  artifactKey: Guid(67c12de9275a4224bba889ad1879d372) Importer(2089858483,192608db42251d675da83286b1cce702)
Start importing Assets/_IntroToUnity/SourceFiles/StarterAssets/ThirdPersonController/Character/Textures/Armature_Body_RGB.png using Guid(67c12de9275a4224bba889ad1879d372) Importer(2089858483,192608db42251d675da83286b1cce702) (ScriptedImporter) -> (artifact id: 'a23c9f873e30e297c1b61ea1712eb97c') in 0.0272245 seconds
Number of updated asset objects reloaded before import = 0Number of asset objects unloaded after import = 1

========================================================================
Received Import Request.
  Time since last request: 0.000024 seconds.
  path: Assets/_IntroToUnity/SourceFiles/Textures/JohnLemon/Corridor/Window_Normal.tif
  artifactKey: Guid(3773c8801f57fbc4fbf0fe19ef4d83f6) Importer(2089858483,192608db42251d675da83286b1cce702)
Start importing Assets/_IntroToUnity/SourceFiles/Textures/JohnLemon/Corridor/Window_Normal.tif using Guid(3773c8801f57fbc4fbf0fe19ef4d83f6) Importer(2089858483,192608db42251d675da83286b1cce702) (ScriptedImporter) -> (artifact id: 'cc5c6632ad483008b1696da64efbe38a') in 0.0234141 seconds
Number of updated asset objects reloaded before import = 0Number of asset objects unloaded after import = 1

========================================================================
Received Import Request.
  Time since last request: 0.000016 seconds.
  path: Assets/_IntroToUnity/SourceFiles/StarterAssets/ThirdPersonController/Character/Animations/Locomotion--Run_N_Land.anim.fbx
  artifactKey: Guid(3c033631149b9c541bcf155cd94cccba) Importer(2089858483,192608db42251d675da83286b1cce702)
Start importing Assets/_IntroToUnity/SourceFiles/StarterAssets/ThirdPersonController/Character/Animations/Locomotion--Run_N_Land.anim.fbx using Guid(3c033631149b9c541bcf155cd94cccba) Importer(2089858483,192608db42251d675da83286b1cce702) (ScriptedImporter) -> (artifact id: 'cb97965a0f5802fbd40edabd2a66338a') in 0.0267922 seconds
Number of updated asset objects reloaded before import = 0Number of asset objects unloaded after import = 144

========================================================================
Received Import Request.
  Time since last request: 0.000015 seconds.
  path: Assets/_IntroToUnity/SourceFiles/StarterAssets/ThirdPersonController/Character/Textures/Armature_Legs_Normal.png
  artifactKey: Guid(9a50a4e2b3ca31548a3b15448188b048) Importer(2089858483,192608db42251d675da83286b1cce702)
Start importing Assets/_IntroToUnity/SourceFiles/StarterAssets/ThirdPersonController/Character/Textures/Armature_Legs_Normal.png using Guid(9a50a4e2b3ca31548a3b15448188b048) Importer(2089858483,192608db42251d675da83286b1cce702) (ScriptedImporter) -> (artifact id: '49a126bf45b4868a3d4b7aa10d1f7b52') in 0.0272108 seconds
Number of updated asset objects reloaded before import = 0Number of asset objects unloaded after import = 1

========================================================================
Received Import Request.
  Time since last request: 0.000021 seconds.
  path: Assets/_IntroToUnity/SourceFiles/StarterAssets/Environment/Art/Materials/Built-in_RP/BuiltInTriplanar_01_Mat.mat
  artifactKey: Guid(3300a5c4710bac244815734e484b3b90) Importer(2089858483,192608db42251d675da83286b1cce702)
Start importing Assets/_IntroToUnity/SourceFiles/StarterAssets/Environment/Art/Materials/Built-in_RP/BuiltInTriplanar_01_Mat.mat using Guid(3300a5c4710bac244815734e484b3b90) Importer(2089858483,192608db42251d675da83286b1cce702) (ScriptedImporter) -> (artifact id: '25dbaa425ca6986ac74f9542c42a181c') in 0.0576528 seconds
Number of updated asset objects reloaded before import = 0Number of asset objects unloaded after import = 3

========================================================================
Received Import Request.
  Time since last request: 0.000028 seconds.
  path: Assets/_IntroToUnity/SourceFiles/Textures/Tileable/Plastic_Normal.tif
  artifactKey: Guid(9ced7fdddb3700443840be5197a21990) Importer(2089858483,192608db42251d675da83286b1cce702)
Start importing Assets/_IntroToUnity/SourceFiles/Textures/Tileable/Plastic_Normal.tif using Guid(9ced7fdddb3700443840be5197a21990) Importer(2089858483,192608db42251d675da83286b1cce702) (ScriptedImporter) -> (artifact id: '3937de5a7d74a8260a6ad9d2197f8499') in 0.0211496 seconds
Number of updated asset objects reloaded before import = 0Number of asset objects unloaded after import = 1

========================================================================
Received Import Request.
  Time since last request: 0.000037 seconds.
  path: Assets/_IntroToUnity/SourceFiles/Textures/JohnLemon/BedRoom/Wall_Bedroom_Occlusion.tif
  artifactKey: Guid(4fb46e6004800a041b402ee8dba3a9b0) Importer(2089858483,192608db42251d675da83286b1cce702)
Start importing Assets/_IntroToUnity/SourceFiles/Textures/JohnLemon/BedRoom/Wall_Bedroom_Occlusion.tif using Guid(4fb46e6004800a041b402ee8dba3a9b0) Importer(2089858483,192608db42251d675da83286b1cce702) (ScriptedImporter) -> (artifact id: '678d66a61158713a5d3c4faee24fb54d') in 0.0206814 seconds
Number of updated asset objects reloaded before import = 0Number of asset objects unloaded after import = 1

========================================================================
Received Import Request.
  Time since last request: 0.000026 seconds.
  path: Assets/_IntroToUnity/Prefabs/Objects/Scooter.prefab
  artifactKey: Guid(3f7c96fe20b848f4eb64558f89b5bce3) Importer(2089858483,192608db42251d675da83286b1cce702)
Start importing Assets/_IntroToUnity/Prefabs/Objects/Scooter.prefab using Guid(3f7c96fe20b848f4eb64558f89b5bce3) Importer(2089858483,192608db42251d675da83286b1cce702) (ScriptedImporter) -> (artifact id: 'b705a6a5a302308798a81acfdfc52edc') in 0.0279138 seconds
Number of updated asset objects reloaded before import = 0Number of asset objects unloaded after import = 21

========================================================================
Received Import Request.
  Time since last request: 0.000028 seconds.
  path: Assets/_IntroToUnity/SourceFiles/StarterAssets/Environment/Art/Materials/URP_HDRP_ShaderGraph/ShaderGraphGrid_01_Mat.mat
  artifactKey: Guid(4589b87b8508f6e48b8fddb385924b16) Importer(2089858483,192608db42251d675da83286b1cce702)
Start importing Assets/_IntroToUnity/SourceFiles/StarterAssets/Environment/Art/Materials/URP_HDRP_ShaderGraph/ShaderGraphGrid_01_Mat.mat using Guid(4589b87b8508f6e48b8fddb385924b16) Importer(2089858483,192608db42251d675da83286b1cce702) (ScriptedImporter) -> (artifact id: '0ae664bfafbeaee05052ee5ab5deec23') in 0.0226415 seconds
Number of updated asset objects reloaded before import = 0Number of asset objects unloaded after import = 1

========================================================================
Received Import Request.
  Time since last request: 0.000021 seconds.
  path: Assets/_IntroToUnity/Prefabs/Environment/JohnLemonBedroom.prefab
  artifactKey: Guid(059765652186ec74285e01e8848ad8e1) Importer(2089858483,192608db42251d675da83286b1cce702)
Start importing Assets/_IntroToUnity/Prefabs/Environment/JohnLemonBedroom.prefab using Guid(059765652186ec74285e01e8848ad8e1) Importer(2089858483,192608db42251d675da83286b1cce702) (ScriptedImporter) -> (artifact id: '840f299d698ddb8d0d08551e3546ec2a') in 0.0208392 seconds
Number of updated asset objects reloaded before import = 0Number of asset objects unloaded after import = 103

========================================================================
Received Import Request.
  Time since last request: 0.000023 seconds.
  path: Assets/_IntroToUnity/SourceFiles/Models/JohnLemon/Corridor/Rug_Corridor.FBX
  artifactKey: Guid(16117d52108da314aaa138a6a9144186) Importer(2089858483,192608db42251d675da83286b1cce702)
Start importing Assets/_IntroToUnity/SourceFiles/Models/JohnLemon/Corridor/Rug_Corridor.FBX using Guid(16117d52108da314aaa138a6a9144186) Importer(2089858483,192608db42251d675da83286b1cce702) (ScriptedImporter) -> (artifact id: '4c9c58bbf38507ae6ed351137f58edf6') in 0.0288695 seconds
Number of updated asset objects reloaded before import = 0Number of asset objects unloaded after import = 7

========================================================================
Received Import Request.
  Time since last request: 0.000028 seconds.
  path: Assets/_IntroToUnity/SourceFiles/StarterAssets/Environment/Art/Textures/Grid_01_Emissive.png
  artifactKey: Guid(d4d6919451fe3e24388816386a6d15a4) Importer(2089858483,192608db42251d675da83286b1cce702)
Start importing Assets/_IntroToUnity/SourceFiles/StarterAssets/Environment/Art/Textures/Grid_01_Emissive.png using Guid(d4d6919451fe3e24388816386a6d15a4) Importer(2089858483,192608db42251d675da83286b1cce702) (ScriptedImporter) -> (artifact id: '2967c3fc5e595d354512d8012010a19c') in 0.0309308 seconds
Number of updated asset objects reloaded before import = 0Number of asset objects unloaded after import = 1

========================================================================
Received Import Request.
  Time since last request: 0.000021 seconds.
  path: Assets/_IntroToUnity/Prefabs/Characters/Robot.prefab
  artifactKey: Guid(9508480b87326482ca8fddfdf22e8f1b) Importer(2089858483,192608db42251d675da83286b1cce702)
Start importing Assets/_IntroToUnity/Prefabs/Characters/Robot.prefab using Guid(9508480b87326482ca8fddfdf22e8f1b) Importer(2089858483,192608db42251d675da83286b1cce702) (ScriptedImporter) -> (artifact id: '26b1d5fd122ff6d0eb931daa75b637ba') in 0.062553 seconds
Number of updated asset objects reloaded before import = 0Number of asset objects unloaded after import = 181

========================================================================
Received Import Request.
  Time since last request: 0.000028 seconds.
  path: Assets/_IntroToUnity/SourceFiles/Textures/JohnLemon/VFX/test light.tif
  artifactKey: Guid(a883414da9be470488ae90f8b6e24623) Importer(2089858483,192608db42251d675da83286b1cce702)
Start importing Assets/_IntroToUnity/SourceFiles/Textures/JohnLemon/VFX/test light.tif using Guid(a883414da9be470488ae90f8b6e24623) Importer(2089858483,192608db42251d675da83286b1cce702) (ScriptedImporter) -> (artifact id: '19273418f10b78bdb9cac4e5f3f32581') in 0.0228227 seconds
Number of updated asset objects reloaded before import = 0Number of asset objects unloaded after import = 1

========================================================================
Received Import Request.
  Time since last request: 0.000022 seconds.
  path: Assets/_IntroToUnity/SourceFiles/StarterAssets/ThirdPersonController/Character/Animations/Locomotion--Walk_N_Land.anim.fbx
  artifactKey: Guid(325a26d62b61fa94cb3c97c435efebc5) Importer(2089858483,192608db42251d675da83286b1cce702)
Start importing Assets/_IntroToUnity/SourceFiles/StarterAssets/ThirdPersonController/Character/Animations/Locomotion--Walk_N_Land.anim.fbx using Guid(325a26d62b61fa94cb3c97c435efebc5) Importer(2089858483,192608db42251d675da83286b1cce702) (ScriptedImporter) -> (artifact id: '765bc262022429707466703af866a906') in 0.0288954 seconds
Number of updated asset objects reloaded before import = 0Number of asset objects unloaded after import = 144

========================================================================
Received Import Request.
  Time since last request: 0.000056 seconds.
  path: Assets/_IntroToUnity/SourceFiles/Models/Realistic/Scaffolding.fbx
  artifactKey: Guid(556cfa7143c4dab468e5294da86aa259) Importer(2089858483,192608db42251d675da83286b1cce702)
Start importing Assets/_IntroToUnity/SourceFiles/Models/Realistic/Scaffolding.fbx using Guid(556cfa7143c4dab468e5294da86aa259) Importer(2089858483,192608db42251d675da83286b1cce702) (ScriptedImporter) -> (artifact id: '1972477f01623ad4d9e85c39c7ae3831') in 0.0354262 seconds
Number of updated asset objects reloaded before import = 0Number of asset objects unloaded after import = 30

========================================================================
Received Import Request.
  Time since last request: 0.000016 seconds.
  path: Assets/_IntroToUnity/Prefabs/Objects/Fruit_Apple_Red.prefab
  artifactKey: Guid(01348ca2898d54f36a0f00fd2c13e2d7) Importer(2089858483,192608db42251d675da83286b1cce702)
Start importing Assets/_IntroToUnity/Prefabs/Objects/Fruit_Apple_Red.prefab using Guid(01348ca2898d54f36a0f00fd2c13e2d7) Importer(2089858483,192608db42251d675da83286b1cce702) (ScriptedImporter) -> (artifact id: 'd97115a73af1c907ec49bdf8a7fd30c5') in 0.0381471 seconds
Number of updated asset objects reloaded before import = 0Number of asset objects unloaded after import = 9

========================================================================
Received Import Request.
  Time since last request: 0.000014 seconds.
  path: Assets/_IntroToUnity/SourceFiles/StarterAssets/ThirdPersonController/Character/Animations/Jump--Jump.anim.fbx
  artifactKey: Guid(98f277b0c8055e143b2fcf058d3c27dc) Importer(2089858483,192608db42251d675da83286b1cce702)
Start importing Assets/_IntroToUnity/SourceFiles/StarterAssets/ThirdPersonController/Character/Animations/Jump--Jump.anim.fbx using Guid(98f277b0c8055e143b2fcf058d3c27dc) Importer(2089858483,192608db42251d675da83286b1cce702) (ScriptedImporter) -> (artifact id: '226b8fa902a4e2f58ff01cb1de9d9e03') in 0.0397595 seconds
Number of updated asset objects reloaded before import = 0Number of asset objects unloaded after import = 145

========================================================================
Received Import Request.
  Time since last request: 0.000019 seconds.
  path: Assets/_IntroToUnity/SourceFiles/Materials/JohnLemon/BedRoom/Wall_Bedroom.mat
  artifactKey: Guid(a1d7f57e6086c9a4bb159a2e0cfb2228) Importer(2089858483,192608db42251d675da83286b1cce702)
Start importing Assets/_IntroToUnity/SourceFiles/Materials/JohnLemon/BedRoom/Wall_Bedroom.mat using Guid(a1d7f57e6086c9a4bb159a2e0cfb2228) Importer(2089858483,192608db42251d675da83286b1cce702) (ScriptedImporter) -> (artifact id: '051fee20d17e5e79dc80a7c34c6e39e9') in 0.02999 seconds
Number of updated asset objects reloaded before import = 0Number of asset objects unloaded after import = 5

========================================================================
Received Import Request.
  Time since last request: 0.000030 seconds.
  path: Assets/_IntroToUnity/SourceFiles/Models/JohnLemon/Bedroom/Wardrobe.fbx
  artifactKey: Guid(0d1a084dedf18a344a48599b075521ec) Importer(2089858483,192608db42251d675da83286b1cce702)
Start importing Assets/_IntroToUnity/SourceFiles/Models/JohnLemon/Bedroom/Wardrobe.fbx using Guid(0d1a084dedf18a344a48599b075521ec) Importer(2089858483,192608db42251d675da83286b1cce702) (ScriptedImporter) -> (artifact id: 'a5f3970cb193f28e5d68fc944d6c71a0') in 0.0270214 seconds
Number of updated asset objects reloaded before import = 0Number of asset objects unloaded after import = 7

========================================================================
Received Import Request.
  Time since last request: 0.000076 seconds.
  path: Assets/_IntroToUnity/Scripts/PushOnClick.cs
  artifactKey: Guid(4785df68ba479476484d3395ef60b2f5) Importer(2089858483,192608db42251d675da83286b1cce702)
Start importing Assets/_IntroToUnity/Scripts/PushOnClick.cs using Guid(4785df68ba479476484d3395ef60b2f5) Importer(2089858483,192608db42251d675da83286b1cce702) (ScriptedImporter) -> (artifact id: '93c81b71a5e1861c7addff511e205cf5') in 0.0141006 seconds
Number of updated asset objects reloaded before import = 0Number of asset objects unloaded after import = 0

========================================================================
Received Import Request.
  Time since last request: 220.269257 seconds.
  path: Assets/_IntroToUnity/Materials/Ground (Material).mat
  artifactKey: Guid(d3c3096bc6b574e09940c49dfea756b6) Importer(2089858483,192608db42251d675da83286b1cce702)
Start importing Assets/_IntroToUnity/Materials/Ground (Material).mat using Guid(d3c3096bc6b574e09940c49dfea756b6) Importer(2089858483,192608db42251d675da83286b1cce702) (ScriptedImporter) -> (artifact id: 'd3cf6b7f48766265ff8ec2aa69363414') in 0.0292877 seconds
Number of updated asset objects reloaded before import = 0Number of asset objects unloaded after import = 4

========================================================================
Received Import Request.
  Time since last request: 22.818051 seconds.
  path: Assets/_IntroToUnity/SourceFiles/Textures/JohnLemon/Characters/JohnLemon_Albedo.tif
  artifactKey: Guid(e20889403221e4d4a939367b675af181) Importer(815301076,1909f56bfc062723c751e8b465ee728b)
Start importing Assets/_IntroToUnity/SourceFiles/Textures/JohnLemon/Characters/JohnLemon_Albedo.tif using Guid(e20889403221e4d4a939367b675af181) Importer(815301076,1909f56bfc062723c751e8b465ee728b) (PreviewImporter) -> (artifact id: 'b54441b4271cbde637968514be1bb27a') in 0.0687005 seconds
Number of updated asset objects reloaded before import = 0Number of asset objects unloaded after import = 2

========================================================================
Received Import Request.
  Time since last request: 140.190240 seconds.
  path: Assets/_IntroToUnity/Materials/Ground (Material).mat
  artifactKey: Guid(d3c3096bc6b574e09940c49dfea756b6) Importer(815301076,1909f56bfc062723c751e8b465ee728b)
Start importing Assets/_IntroToUnity/Materials/Ground (Material).mat using Guid(d3c3096bc6b574e09940c49dfea756b6) Importer(815301076,1909f56bfc062723c751e8b465ee728b) (PreviewImporter) -> (artifact id: '92a640438138a90a51b009fdd321bf58') in 0.5645406 seconds
Number of updated asset objects reloaded before import = 0Number of asset objects unloaded after import = 4

========================================================================
Received Import Request.
  Time since last request: 0.373573 seconds.
  path: Assets/_IntroToUnity/Materials/Cube.mat
  artifactKey: Guid(a9582253e50010b488ce48cf3907cc03) Importer(2089858483,192608db42251d675da83286b1cce702)
Start importing Assets/_IntroToUnity/Materials/Cube.mat using Guid(a9582253e50010b488ce48cf3907cc03) Importer(2089858483,192608db42251d675da83286b1cce702) (ScriptedImporter) -> (artifact id: '09147f5b32836e0984b29f4a8128f60f') in 0.0164151 seconds
Number of updated asset objects reloaded before import = 0Number of asset objects unloaded after import = 1

========================================================================
Received Import Request.
  Time since last request: 0.000034 seconds.
  path: Assets/_IntroToUnity/Materials/Ground (Material).mat
  artifactKey: Guid(d3c3096bc6b574e09940c49dfea756b6) Importer(2089858483,192608db42251d675da83286b1cce702)
Start importing Assets/_IntroToUnity/Materials/Ground (Material).mat using Guid(d3c3096bc6b574e09940c49dfea756b6) Importer(2089858483,192608db42251d675da83286b1cce702) (ScriptedImporter) -> (artifact id: '35e59f6b72096d3816560f60f7cb5ca7') in 0.0205833 seconds
Number of updated asset objects reloaded before import = 0Number of asset objects unloaded after import = 4

========================================================================
Received Import Request.
  Time since last request: 152.718519 seconds.
  path: Assets/_IntroToUnity/Scenes/MyFirstScene.unity
  artifactKey: Guid(06cede71126d1c64a888a972575dced2) Importer(2089858483,192608db42251d675da83286b1cce702)
Start importing Assets/_IntroToUnity/Scenes/MyFirstScene.unity using Guid(06cede71126d1c64a888a972575dced2) Importer(2089858483,192608db42251d675da83286b1cce702) (ScriptedImporter) -> (artifact id: '983835805df790943e2a1aae2c018bdb') in 0.0263561 seconds
Number of updated asset objects reloaded before import = 0Number of asset objects unloaded after import = 1

========================================================================
Received Prepare
Begin MonoManager ReloadAssembly
- Loaded All Assemblies, in  0.961 seconds
Refreshing native plugins compatible for Editor in 1.17 ms, found 3 plugins.
Native extension for WindowsStandalone target not found
Mono: successfully reloaded assembly
- Finished resetting the current domain, in  1.249 seconds
Domain Reload Profiling: 2210ms
	BeginReloadAssembly (284ms)
		ExecutionOrderSort (0ms)
		DisableScriptedObjects (23ms)
		BackupInstance (0ms)
		ReleaseScriptingObjects (0ms)
		CreateAndSetChildDomain (83ms)
	RebuildCommonClasses (43ms)
	RebuildNativeTypeToScriptingClass (16ms)
	initialDomainReloadingComplete (33ms)
	LoadAllAssembliesAndSetupDomain (583ms)
		LoadAssemblies (453ms)
		RebuildTransferFunctionScriptingTraits (0ms)
		AnalyzeDomain (261ms)
			TypeCache.Refresh (8ms)
				TypeCache.ScanAssembly (0ms)
			BuildScriptInfoCaches (237ms)
			ResolveRequiredComponents (13ms)
	FinalizeReload (1250ms)
		ReleaseScriptCaches (0ms)
		RebuildScriptCaches (0ms)
		SetupLoadedEditorAssemblies (788ms)
			LogAssemblyErrors (0ms)
			InitializePlatformSupportModulesInManaged (3ms)
			SetLoadedEditorAssemblies (6ms)
			BeforeProcessingInitializeOnLoad (87ms)
			ProcessInitializeOnLoadAttributes (605ms)
			ProcessInitializeOnLoadMethodAttributes (77ms)
			AfterProcessingInitializeOnLoad (9ms)
			EditorAssembliesLoaded (0ms)
		ExecutionOrderSort2 (0ms)
		AwakeInstancesAfterBackupRestoration (18ms)
Refreshing native plugins compatible for Editor in 1.45 ms, found 3 plugins.
Preloading 0 native plugins for Editor in 0.00 ms.
Unloading 23 Unused Serialized files (Serialized files now loaded: 0)
Unloading 5903 unused Assets / (4.9 MB). Loaded Objects now: 6774.
Memory consumption went from 178.4 MB to 173.5 MB.
Total: 15.115900 ms (FindLiveObjects: 0.971700 ms CreateObjectMapping: 3.014600 ms MarkObjects: 6.621700 ms  DeleteObjects: 4.505900 ms)

Prepare: number of updated asset objects reloaded= 0
========================================================================
Received Prepare
Begin MonoManager ReloadAssembly
- Loaded All Assemblies, in  0.858 seconds
Refreshing native plugins compatible for Editor in 0.94 ms, found 3 plugins.
Native extension for WindowsStandalone target not found
Mono: successfully reloaded assembly
- Finished resetting the current domain, in  1.152 seconds
Domain Reload Profiling: 2010ms
	BeginReloadAssembly (239ms)
		ExecutionOrderSort (0ms)
		DisableScriptedObjects (8ms)
		BackupInstance (0ms)
		ReleaseScriptingObjects (0ms)
		CreateAndSetChildDomain (62ms)
	RebuildCommonClasses (43ms)
	RebuildNativeTypeToScriptingClass (23ms)
	initialDomainReloadingComplete (37ms)
	LoadAllAssembliesAndSetupDomain (516ms)
		LoadAssemblies (368ms)
		RebuildTransferFunctionScriptingTraits (0ms)
		AnalyzeDomain (263ms)
			TypeCache.Refresh (11ms)
				TypeCache.ScanAssembly (0ms)
			BuildScriptInfoCaches (236ms)
			ResolveRequiredComponents (13ms)
	FinalizeReload (1153ms)
		ReleaseScriptCaches (0ms)
		RebuildScriptCaches (0ms)
		SetupLoadedEditorAssemblies (756ms)
			LogAssemblyErrors (0ms)
			InitializePlatformSupportModulesInManaged (3ms)
			SetLoadedEditorAssemblies (6ms)
			BeforeProcessingInitializeOnLoad (81ms)
			ProcessInitializeOnLoadAttributes (545ms)
			ProcessInitializeOnLoadMethodAttributes (111ms)
			AfterProcessingInitializeOnLoad (9ms)
			EditorAssembliesLoaded (0ms)
		ExecutionOrderSort2 (0ms)
		AwakeInstancesAfterBackupRestoration (18ms)
Refreshing native plugins compatible for Editor in 1.04 ms, found 3 plugins.
Preloading 0 native plugins for Editor in 0.00 ms.
Unloading 13 Unused Serialized files (Serialized files now loaded: 0)
Unloading 5902 unused Assets / (4.4 MB). Loaded Objects now: 6776.
Memory consumption went from 176.5 MB to 172.1 MB.
Total: 12.080700 ms (FindLiveObjects: 1.049500 ms CreateObjectMapping: 1.932400 ms MarkObjects: 5.797900 ms  DeleteObjects: 3.299900 ms)

Prepare: number of updated asset objects reloaded= 0
========================================================================
Received Prepare
Begin MonoManager ReloadAssembly
- Loaded All Assemblies, in  0.860 seconds
Refreshing native plugins compatible for Editor in 1.04 ms, found 3 plugins.
Native extension for WindowsStandalone target not found
Mono: successfully reloaded assembly
- Finished resetting the current domain, in  1.129 seconds
Domain Reload Profiling: 1990ms
	BeginReloadAssembly (232ms)
		ExecutionOrderSort (0ms)
		DisableScriptedObjects (7ms)
		BackupInstance (0ms)
		ReleaseScriptingObjects (0ms)
		CreateAndSetChildDomain (60ms)
	RebuildCommonClasses (44ms)
	RebuildNativeTypeToScriptingClass (17ms)
	initialDomainReloadingComplete (34ms)
	LoadAllAssembliesAndSetupDomain (533ms)
		LoadAssemblies (386ms)
		RebuildTransferFunctionScriptingTraits (0ms)
		AnalyzeDomain (264ms)
			TypeCache.Refresh (9ms)
				TypeCache.ScanAssembly (0ms)
			BuildScriptInfoCaches (239ms)
			ResolveRequiredComponents (14ms)
	FinalizeReload (1130ms)
		ReleaseScriptCaches (0ms)
		RebuildScriptCaches (0ms)
		SetupLoadedEditorAssemblies (721ms)
			LogAssemblyErrors (0ms)
			InitializePlatformSupportModulesInManaged (2ms)
			SetLoadedEditorAssemblies (6ms)
			BeforeProcessingInitializeOnLoad (80ms)
			ProcessInitializeOnLoadAttributes (548ms)
			ProcessInitializeOnLoadMethodAttributes (75ms)
			AfterProcessingInitializeOnLoad (8ms)
			EditorAssembliesLoaded (1ms)
		ExecutionOrderSort2 (0ms)
		AwakeInstancesAfterBackupRestoration (19ms)
Refreshing native plugins compatible for Editor in 1.90 ms, found 3 plugins.
Preloading 0 native plugins for Editor in 0.00 ms.
Unloading 13 Unused Serialized files (Serialized files now loaded: 0)
Unloading 5902 unused Assets / (5.0 MB). Loaded Objects now: 6778.
Memory consumption went from 176.5 MB to 171.5 MB.
Total: 14.644700 ms (FindLiveObjects: 1.034100 ms CreateObjectMapping: 1.272500 ms MarkObjects: 7.581100 ms  DeleteObjects: 4.755300 ms)

Prepare: number of updated asset objects reloaded= 0
